[ 2017-02-11T14:18:38+08:00 ] 58.23.120.170 /imoocnews/admin.php
INFO: [ app_init ] --START--
INFO: Run Behavior\BuildLiteBehavior [ RunTime:0.000065s ]
INFO: [ app_init ] --END-- [ RunTime:0.000652s ]
INFO: [ app_begin ] --START--
INFO: Run Behavior\ReadHtmlCacheBehavior [ RunTime:0.000685s ]
INFO: Run Behavior\CronRunBehavior [ RunTime:0.000999s ]
INFO: [ app_begin ] --END-- [ RunTime:0.002129s ]
INFO: [ view_parse ] --START--
INFO: [ template_filter ] --START--
INFO: Run Behavior\ContentReplaceBehavior [ RunTime:0.000134s ]
INFO: [ template_filter ] --END-- [ RunTime:0.000414s ]
INFO: Run Behavior\ParseTemplateBehavior [ RunTime:0.008356s ]
INFO: [ view_parse ] --END-- [ RunTime:0.008639s ]
INFO: [ view_filter ] --START--
INFO: Run Behavior\WriteHtmlCacheBehavior [ RunTime:0.000425s ]
INFO: [ view_filter ] --END-- [ RunTime:0.000694s ]
INFO: [ app_end ] --START--
INFO: Run Behavior\ShowPageTraceBehavior [ RunTime:0.000640s ]
INFO: [ app_end ] --END-- [ RunTime:0.000928s ]

[ 2017-02-11T14:18:47+08:00 ] 58.23.120.170 /imoocnews/admin.php/admin/login/check
INFO: [ app_init ] --START--
INFO: Run Behavior\BuildLiteBehavior [ RunTime:0.000056s ]
INFO: [ app_init ] --END-- [ RunTime:0.000654s ]
INFO: [ app_begin ] --START--
INFO: Run Behavior\ReadHtmlCacheBehavior [ RunTime:0.000611s ]
INFO: Run Behavior\CronRunBehavior [ RunTime:0.000953s ]
INFO: [ app_begin ] --END-- [ RunTime:0.001936s ]
NOTIC: [2048] Declaration of Common\Model\AdminModel::find() should be compatible with that of Think\Model::find() E:\Myphp\imoocnews\Application\Common\Model\AdminModel.class.php 第 9 行.
SQL: SHOW COLUMNS FROM `cms_admin` [ RunTime:0.0018s ]
SQL: SELECT * FROM `cms_admin` WHERE `username` = 'admin' LIMIT 1   [ RunTime:0.0003s ]
NOTIC: [8] Undefined index: status E:\Myphp\imoocnews\Application\Common\Model\AdminModel.class.php 第 53 行.
SQL: UPDATE `cms_admin` SET `lastlogintime`='1486793927' WHERE `admin_id` = 1 [ RunTime:0.0003s ]

[ 2017-02-11T14:18:48+08:00 ] 58.23.120.170 /imoocnews/admin.php/admin/index/index
INFO: [ app_init ] --START--
INFO: Run Behavior\BuildLiteBehavior [ RunTime:0.000065s ]
INFO: [ app_init ] --END-- [ RunTime:0.000701s ]
INFO: [ app_begin ] --START--
INFO: Run Behavior\ReadHtmlCacheBehavior [ RunTime:0.000660s ]
INFO: Run Behavior\CronRunBehavior [ RunTime:0.001012s ]
INFO: [ app_begin ] --END-- [ RunTime:0.002233s ]
NOTIC: [2048] Declaration of Common\Model\NewsModel::save() should be compatible with that of Think\Model::save() E:\Myphp\imoocnews\Application\Common\Model\NewsModel.class.php 第 10 行.
NOTIC: [2048] Declaration of Common\Model\NewsModel::find() should be compatible with that of Think\Model::find() E:\Myphp\imoocnews\Application\Common\Model\NewsModel.class.php 第 10 行.
SQL: SHOW COLUMNS FROM `cms_news` [ RunTime:0.0018s ]
SQL: SELECT * FROM `cms_news` WHERE `status` = 1 ORDER BY count desc LIMIT 1   [ RunTime:0.0004s ]
NOTIC: [8] Undefined index: title E:\Myphp\imoocnews\Application\Common\Model\NewsModel.class.php 第 48 行.
NOTIC: [8] Undefined index: catid E:\Myphp\imoocnews\Application\Common\Model\NewsModel.class.php 第 51 行.
SQL: SELECT COUNT(*) AS tp_count FROM `cms_news` WHERE `status` = 1 LIMIT 1   [ RunTime:0.0003s ]
NOTIC: [2048] Declaration of Common\Model\PositionModel::find() should be compatible with that of Think\Model::find() E:\Myphp\imoocnews\Application\Common\Model\PositionModel.class.php 第 60 行.
SQL: SHOW COLUMNS FROM `cms_position` [ RunTime:0.0016s ]
SQL: SELECT COUNT(*) AS tp_count FROM `cms_position` WHERE `status` = 1 LIMIT 1   [ RunTime:0.0003s ]
NOTIC: [2048] Declaration of Common\Model\AdminModel::find() should be compatible with that of Think\Model::find() E:\Myphp\imoocnews\Application\Common\Model\AdminModel.class.php 第 86 行.
SQL: SHOW COLUMNS FROM `cms_admin` [ RunTime:0.0014s ]
SQL: SELECT COUNT(*) AS tp_count FROM `cms_admin` WHERE `status` = 1 AND `lastlogintime` > 1486742400 LIMIT 1   [ RunTime:0.0003s ]
INFO: [ view_parse ] --START--
INFO: [ template_filter ] --START--
INFO: Run Behavior\ContentReplaceBehavior [ RunTime:0.000209s ]
INFO: [ template_filter ] --END-- [ RunTime:0.000500s ]
NOTIC: [2048] Declaration of Common\Model\MenuModel::find() should be compatible with that of Think\Model::find() E:\Myphp\imoocnews\Application\Common\Model\MenuModel.class.php 第 97 行.
SQL: SHOW COLUMNS FROM `cms_menu` [ RunTime:0.0016s ]
SQL: SELECT * FROM `cms_menu` WHERE `status` <> -1 AND `type` = 1 ORDER BY listorder desc,menu_id desc  [ RunTime:0.0003s ]
NOTIC: [8] Use of undefined constant admin - assumed 'admin' E:\Myphp\imoocnews\Application\Runtime\Cache\Admin\b595b808c2ebeeeb0478ffc30bb4e87a.php 第 24 行.
NOTIC: [8] Use of undefined constant admin - assumed 'admin' E:\Myphp\imoocnews\Application\Runtime\Cache\Admin\b595b808c2ebeeeb0478ffc30bb4e87a.php 第 24 行.
NOTIC: [8] Use of undefined constant admin - assumed 'admin' E:\Myphp\imoocnews\Application\Runtime\Cache\Admin\b595b808c2ebeeeb0478ffc30bb4e87a.php 第 24 行.
NOTIC: [8] Use of undefined constant admin - assumed 'admin' E:\Myphp\imoocnews\Application\Runtime\Cache\Admin\b595b808c2ebeeeb0478ffc30bb4e87a.php 第 24 行.
NOTIC: [8] Use of undefined constant admin - assumed 'admin' E:\Myphp\imoocnews\Application\Runtime\Cache\Admin\b595b808c2ebeeeb0478ffc30bb4e87a.php 第 24 行.
NOTIC: [8] Use of undefined constant admin - assumed 'admin' E:\Myphp\imoocnews\Application\Runtime\Cache\Admin\b595b808c2ebeeeb0478ffc30bb4e87a.php 第 24 行.
INFO: Run Behavior\ParseTemplateBehavior [ RunTime:0.024282s ]
INFO: [ view_parse ] --END-- [ RunTime:0.024598s ]
INFO: [ view_filter ] --START--
INFO: Run Behavior\WriteHtmlCacheBehavior [ RunTime:0.000486s ]
INFO: [ view_filter ] --END-- [ RunTime:0.000793s ]
INFO: [ app_end ] --START--
INFO: Run Behavior\ShowPageTraceBehavior [ RunTime:0.000688s ]
INFO: [ app_end ] --END-- [ RunTime:0.001002s ]

[ 2017-02-11T14:18:53+08:00 ] 58.23.120.170 /imoocnews/admin/menu/index
INFO: [ app_init ] --START--
INFO: Run Behavior\BuildLiteBehavior [ RunTime:0.000056s ]
INFO: [ app_init ] --END-- [ RunTime:0.000633s ]
INFO: [ app_begin ] --START--
INFO: Run Behavior\ReadHtmlCacheBehavior [ RunTime:0.000637s ]
INFO: Run Behavior\CronRunBehavior [ RunTime:0.000951s ]
INFO: [ app_begin ] --END-- [ RunTime:0.002027s ]
NOTIC: [2048] Declaration of Common\Model\MenuModel::find() should be compatible with that of Think\Model::find() E:\Myphp\imoocnews\Application\Common\Model\MenuModel.class.php 第 9 行.
SQL: SHOW COLUMNS FROM `cms_menu` [ RunTime:0.0017s ]
NOTIC: [8] Undefined index: p E:\Myphp\imoocnews\Application\Admin\Controller\MenuController.class.php 第 24 行.
NOTIC: [8] Undefined index: pagesize E:\Myphp\imoocnews\Application\Admin\Controller\MenuController.class.php 第 25 行.
SQL: SELECT * FROM `cms_menu` WHERE `status` <> -1 ORDER BY listorder desc,menu_id desc LIMIT 0,5   [ RunTime:0.0004s ]
SQL: SELECT COUNT(*) AS tp_count FROM `cms_menu` WHERE `status` <> -1 LIMIT 1   [ RunTime:0.0003s ]
INFO: [ view_parse ] --START--
INFO: [ template_filter ] --START--
INFO: Run Behavior\ContentReplaceBehavior [ RunTime:0.000165s ]
INFO: [ template_filter ] --END-- [ RunTime:0.000484s ]
SQL: SELECT * FROM `cms_menu` WHERE `status` <> -1 AND `type` = 1 ORDER BY listorder desc,menu_id desc  [ RunTime:0.0003s ]
NOTIC: [8] Use of undefined constant admin - assumed 'admin' E:\Myphp\imoocnews\Application\Runtime\Cache\Admin\b956215329b6f9aca22277599a4efdfc.php 第 24 行.
NOTIC: [8] Use of undefined constant admin - assumed 'admin' E:\Myphp\imoocnews\Application\Runtime\Cache\Admin\b956215329b6f9aca22277599a4efdfc.php 第 24 行.
NOTIC: [8] Use of undefined constant admin - assumed 'admin' E:\Myphp\imoocnews\Application\Runtime\Cache\Admin\b956215329b6f9aca22277599a4efdfc.php 第 24 行.
NOTIC: [8] Use of undefined constant admin - assumed 'admin' E:\Myphp\imoocnews\Application\Runtime\Cache\Admin\b956215329b6f9aca22277599a4efdfc.php 第 24 行.
NOTIC: [8] Use of undefined constant admin - assumed 'admin' E:\Myphp\imoocnews\Application\Runtime\Cache\Admin\b956215329b6f9aca22277599a4efdfc.php 第 24 行.
NOTIC: [8] Use of undefined constant admin - assumed 'admin' E:\Myphp\imoocnews\Application\Runtime\Cache\Admin\b956215329b6f9aca22277599a4efdfc.php 第 24 行.
INFO: Run Behavior\ParseTemplateBehavior [ RunTime:0.026754s ]
INFO: [ view_parse ] --END-- [ RunTime:0.027029s ]
INFO: [ view_filter ] --START--
INFO: Run Behavior\WriteHtmlCacheBehavior [ RunTime:0.000425s ]
INFO: [ view_filter ] --END-- [ RunTime:0.000728s ]
INFO: [ app_end ] --START--
INFO: Run Behavior\ShowPageTraceBehavior [ RunTime:0.000622s ]
INFO: [ app_end ] --END-- [ RunTime:0.000902s ]

[ 2017-02-11T14:18:54+08:00 ] 58.23.120.170 /imoocnews/admin/content/index
INFO: [ app_init ] --START--
INFO: Run Behavior\BuildLiteBehavior [ RunTime:0.000056s ]
INFO: [ app_init ] --END-- [ RunTime:0.000661s ]
INFO: [ app_begin ] --START--
INFO: Run Behavior\ReadHtmlCacheBehavior [ RunTime:0.000626s ]
INFO: Run Behavior\CronRunBehavior [ RunTime:0.001045s ]
INFO: [ app_begin ] --END-- [ RunTime:0.002225s ]
NOTIC: [8] Undefined index: catid E:\Myphp\imoocnews\Application\Admin\Controller\ContentController.class.php 第 13 行.
NOTIC: [8] Undefined index: title E:\Myphp\imoocnews\Application\Admin\Controller\ContentController.class.php 第 17 行.
NOTIC: [8] Undefined index: p E:\Myphp\imoocnews\Application\Admin\Controller\ContentController.class.php 第 23 行.
NOTIC: [8] Undefined index: pagesize E:\Myphp\imoocnews\Application\Admin\Controller\ContentController.class.php 第 24 行.
NOTIC: [2048] Declaration of Common\Model\NewsModel::save() should be compatible with that of Think\Model::save() E:\Myphp\imoocnews\Application\Common\Model\NewsModel.class.php 第 10 行.
NOTIC: [2048] Declaration of Common\Model\NewsModel::find() should be compatible with that of Think\Model::find() E:\Myphp\imoocnews\Application\Common\Model\NewsModel.class.php 第 10 行.
SQL: SHOW COLUMNS FROM `cms_news` [ RunTime:0.0019s ]
NOTIC: [8] Undefined index: title E:\Myphp\imoocnews\Application\Common\Model\NewsModel.class.php 第 30 行.
NOTIC: [8] Undefined index: catid E:\Myphp\imoocnews\Application\Common\Model\NewsModel.class.php 第 33 行.
SQL: SELECT * FROM `cms_news` WHERE `status` <> -1 ORDER BY listorder desc,news_id desc LIMIT 0,5   [ RunTime:0.0005s ]
NOTIC: [8] Undefined index: title E:\Myphp\imoocnews\Application\Common\Model\NewsModel.class.php 第 48 行.
NOTIC: [8] Undefined index: catid E:\Myphp\imoocnews\Application\Common\Model\NewsModel.class.php 第 51 行.
SQL: SELECT COUNT(*) AS tp_count FROM `cms_news` WHERE `status` <> -1 LIMIT 1   [ RunTime:0.0003s ]
SQL: SHOW COLUMNS FROM `cms_position` [ RunTime:0.0014s ]
SQL: SELECT * FROM `cms_position` WHERE `status` <> -1  [ RunTime:0.0003s ]
NOTIC: [2048] Declaration of Common\Model\MenuModel::find() should be compatible with that of Think\Model::find() E:\Myphp\imoocnews\Application\Common\Model\MenuModel.class.php 第 97 行.
SQL: SHOW COLUMNS FROM `cms_menu` [ RunTime:0.0015s ]
SQL: SELECT * FROM `cms_menu` WHERE `status` = 1 AND `type` = 0 ORDER BY listorder desc,menu_id desc  [ RunTime:0.0003s ]
INFO: [ view_parse ] --START--
INFO: [ template_filter ] --START--
INFO: Run Behavior\ContentReplaceBehavior [ RunTime:0.000221s ]
INFO: [ template_filter ] --END-- [ RunTime:0.000543s ]
SQL: SELECT * FROM `cms_menu` WHERE `status` <> -1 AND `type` = 1 ORDER BY listorder desc,menu_id desc  [ RunTime:0.0006s ]
NOTIC: [8] Use of undefined constant admin - assumed 'admin' E:\Myphp\imoocnews\Application\Runtime\Cache\Admin\ccc9ced3ad798311a07cb47b740981c5.php 第 24 行.
NOTIC: [8] Use of undefined constant admin - assumed 'admin' E:\Myphp\imoocnews\Application\Runtime\Cache\Admin\ccc9ced3ad798311a07cb47b740981c5.php 第 24 行.
NOTIC: [8] Use of undefined constant admin - assumed 'admin' E:\Myphp\imoocnews\Application\Runtime\Cache\Admin\ccc9ced3ad798311a07cb47b740981c5.php 第 24 行.
NOTIC: [8] Use of undefined constant admin - assumed 'admin' E:\Myphp\imoocnews\Application\Runtime\Cache\Admin\ccc9ced3ad798311a07cb47b740981c5.php 第 24 行.
NOTIC: [8] Use of undefined constant admin - assumed 'admin' E:\Myphp\imoocnews\Application\Runtime\Cache\Admin\ccc9ced3ad798311a07cb47b740981c5.php 第 24 行.
NOTIC: [8] Use of undefined constant admin - assumed 'admin' E:\Myphp\imoocnews\Application\Runtime\Cache\Admin\ccc9ced3ad798311a07cb47b740981c5.php 第 24 行.
NOTIC: [8] Undefined variable: catid E:\Myphp\imoocnews\Application\Runtime\Cache\Admin\ccc9ced3ad798311a07cb47b740981c5.php 第 65 行.
NOTIC: [8] Undefined variable: catid E:\Myphp\imoocnews\Application\Runtime\Cache\Admin\ccc9ced3ad798311a07cb47b740981c5.php 第 65 行.
NOTIC: [8] Undefined variable: catid E:\Myphp\imoocnews\Application\Runtime\Cache\Admin\ccc9ced3ad798311a07cb47b740981c5.php 第 65 行.
NOTIC: [8] Undefined variable: title E:\Myphp\imoocnews\Application\Runtime\Cache\Admin\ccc9ced3ad798311a07cb47b740981c5.php 第 71 行.
INFO: Run Behavior\ParseTemplateBehavior [ RunTime:0.035438s ]
INFO: [ view_parse ] --END-- [ RunTime:0.035762s ]
INFO: [ view_filter ] --START--
INFO: Run Behavior\WriteHtmlCacheBehavior [ RunTime:0.000494s ]
INFO: [ view_filter ] --END-- [ RunTime:0.000805s ]
INFO: [ app_end ] --START--
INFO: Run Behavior\ShowPageTraceBehavior [ RunTime:0.000686s ]
INFO: [ app_end ] --END-- [ RunTime:0.000960s ]

[ 2017-02-11T14:18:58+08:00 ] 58.23.120.170 /imoocnews/admin/basic/index
INFO: [ app_init ] --START--
INFO: Run Behavior\BuildLiteBehavior [ RunTime:0.000056s ]
INFO: [ app_init ] --END-- [ RunTime:0.000677s ]
INFO: [ app_begin ] --START--
INFO: Run Behavior\ReadHtmlCacheBehavior [ RunTime:0.000614s ]
INFO: Run Behavior\CronRunBehavior [ RunTime:0.001087s ]
INFO: [ app_begin ] --END-- [ RunTime:0.002142s ]
NOTIC: [2048] Declaration of Common\Model\BasicModel::save() should be compatible with that of Think\Model::save() E:\Myphp\imoocnews\Application\Common\Model\BasicModel.class.php 第 9 行.
NOTIC: [2048] Declaration of Common\Model\BasicModel::select() should be compatible with that of Think\Model::select() E:\Myphp\imoocnews\Application\Common\Model\BasicModel.class.php 第 9 行.
INFO: [ view_parse ] --START--
INFO: [ template_filter ] --START--
INFO: Run Behavior\ContentReplaceBehavior [ RunTime:0.000160s ]
INFO: [ template_filter ] --END-- [ RunTime:0.000480s ]
NOTIC: [2048] Declaration of Common\Model\MenuModel::find() should be compatible with that of Think\Model::find() E:\Myphp\imoocnews\Application\Common\Model\MenuModel.class.php 第 97 行.
SQL: SHOW COLUMNS FROM `cms_menu` [ RunTime:0.0016s ]
SQL: SELECT * FROM `cms_menu` WHERE `status` <> -1 AND `type` = 1 ORDER BY listorder desc,menu_id desc  [ RunTime:0.0004s ]
NOTIC: [8] Use of undefined constant admin - assumed 'admin' E:\Myphp\imoocnews\Application\Runtime\Cache\Admin\bb97361d9e4731aec48331de29e1c4d1.php 第 24 行.
NOTIC: [8] Use of undefined constant admin - assumed 'admin' E:\Myphp\imoocnews\Application\Runtime\Cache\Admin\bb97361d9e4731aec48331de29e1c4d1.php 第 24 行.
NOTIC: [8] Use of undefined constant admin - assumed 'admin' E:\Myphp\imoocnews\Application\Runtime\Cache\Admin\bb97361d9e4731aec48331de29e1c4d1.php 第 24 行.
NOTIC: [8] Use of undefined constant admin - assumed 'admin' E:\Myphp\imoocnews\Application\Runtime\Cache\Admin\bb97361d9e4731aec48331de29e1c4d1.php 第 24 行.
NOTIC: [8] Use of undefined constant admin - assumed 'admin' E:\Myphp\imoocnews\Application\Runtime\Cache\Admin\bb97361d9e4731aec48331de29e1c4d1.php 第 24 行.
NOTIC: [8] Use of undefined constant admin - assumed 'admin' E:\Myphp\imoocnews\Application\Runtime\Cache\Admin\bb97361d9e4731aec48331de29e1c4d1.php 第 24 行.
INFO: Run Behavior\ParseTemplateBehavior [ RunTime:0.029657s ]
INFO: [ view_parse ] --END-- [ RunTime:0.029932s ]
INFO: [ view_filter ] --START--
INFO: Run Behavior\WriteHtmlCacheBehavior [ RunTime:0.000442s ]
INFO: [ view_filter ] --END-- [ RunTime:0.000713s ]
INFO: [ app_end ] --START--
INFO: Run Behavior\ShowPageTraceBehavior [ RunTime:0.000650s ]
INFO: [ app_end ] --END-- [ RunTime:0.000941s ]

[ 2017-02-11T14:19:00+08:00 ] 58.23.120.170 /imoocnews/admin/position/index
INFO: [ app_init ] --START--
INFO: Run Behavior\BuildLiteBehavior [ RunTime:0.000057s ]
INFO: [ app_init ] --END-- [ RunTime:0.000648s ]
INFO: [ app_begin ] --START--
INFO: Run Behavior\ReadHtmlCacheBehavior [ RunTime:0.000611s ]
INFO: Run Behavior\CronRunBehavior [ RunTime:0.000974s ]
INFO: [ app_begin ] --END-- [ RunTime:0.002076s ]
NOTIC: [8] Undefined index: p E:\Myphp\imoocnews\Application\Admin\Controller\PositionController.class.php 第 14 行.
NOTIC: [8] Undefined index: pagesize E:\Myphp\imoocnews\Application\Admin\Controller\PositionController.class.php 第 15 行.
NOTIC: [2048] Declaration of Common\Model\PositionModel::find() should be compatible with that of Think\Model::find() E:\Myphp\imoocnews\Application\Common\Model\PositionModel.class.php 第 5 行.
SQL: SHOW COLUMNS FROM `cms_position` [ RunTime:0.0016s ]
SQL: SELECT * FROM `cms_position` WHERE `status` <> -1 ORDER BY id desc LIMIT 0,5   [ RunTime:0.0003s ]
SQL: SELECT COUNT(*) AS tp_count FROM `cms_position` WHERE `status` <> -1 LIMIT 1   [ RunTime:0.0003s ]
INFO: [ view_parse ] --START--
INFO: [ template_filter ] --START--
INFO: Run Behavior\ContentReplaceBehavior [ RunTime:0.000190s ]
INFO: [ template_filter ] --END-- [ RunTime:0.000467s ]
NOTIC: [2048] Declaration of Common\Model\MenuModel::find() should be compatible with that of Think\Model::find() E:\Myphp\imoocnews\Application\Common\Model\MenuModel.class.php 第 97 行.
SQL: SHOW COLUMNS FROM `cms_menu` [ RunTime:0.0016s ]
SQL: SELECT * FROM `cms_menu` WHERE `status` <> -1 AND `type` = 1 ORDER BY listorder desc,menu_id desc  [ RunTime:0.0004s ]
NOTIC: [8] Use of undefined constant admin - assumed 'admin' E:\Myphp\imoocnews\Application\Runtime\Cache\Admin\3a437f75b5b60a521a3ad0fc93a5ab5f.php 第 24 行.
NOTIC: [8] Use of undefined constant admin - assumed 'admin' E:\Myphp\imoocnews\Application\Runtime\Cache\Admin\3a437f75b5b60a521a3ad0fc93a5ab5f.php 第 24 行.
NOTIC: [8] Use of undefined constant admin - assumed 'admin' E:\Myphp\imoocnews\Application\Runtime\Cache\Admin\3a437f75b5b60a521a3ad0fc93a5ab5f.php 第 24 行.
NOTIC: [8] Use of undefined constant admin - assumed 'admin' E:\Myphp\imoocnews\Application\Runtime\Cache\Admin\3a437f75b5b60a521a3ad0fc93a5ab5f.php 第 24 行.
NOTIC: [8] Use of undefined constant admin - assumed 'admin' E:\Myphp\imoocnews\Application\Runtime\Cache\Admin\3a437f75b5b60a521a3ad0fc93a5ab5f.php 第 24 行.
NOTIC: [8] Use of undefined constant admin - assumed 'admin' E:\Myphp\imoocnews\Application\Runtime\Cache\Admin\3a437f75b5b60a521a3ad0fc93a5ab5f.php 第 24 行.
INFO: Run Behavior\ParseTemplateBehavior [ RunTime:0.027391s ]
INFO: [ view_parse ] --END-- [ RunTime:0.027671s ]
INFO: [ view_filter ] --START--
INFO: Run Behavior\WriteHtmlCacheBehavior [ RunTime:0.000436s ]
INFO: [ view_filter ] --END-- [ RunTime:0.000716s ]
INFO: [ app_end ] --START--
INFO: Run Behavior\ShowPageTraceBehavior [ RunTime:0.000625s ]
INFO: [ app_end ] --END-- [ RunTime:0.000947s ]

[ 2017-02-11T14:19:01+08:00 ] 58.23.120.170 /imoocnews/admin/positioncontent/index
INFO: [ app_init ] --START--
INFO: Run Behavior\BuildLiteBehavior [ RunTime:0.000063s ]
INFO: [ app_init ] --END-- [ RunTime:0.000686s ]
INFO: [ app_begin ] --START--
INFO: Run Behavior\ReadHtmlCacheBehavior [ RunTime:0.000620s ]
INFO: Run Behavior\CronRunBehavior [ RunTime:0.002605s ]
INFO: [ app_begin ] --END-- [ RunTime:0.003706s ]
NOTIC: [8] Undefined index: p E:\Myphp\imoocnews\Application\Admin\Controller\PositioncontentController.class.php 第 21 行.
NOTIC: [8] Undefined index: pagesize E:\Myphp\imoocnews\Application\Admin\Controller\PositioncontentController.class.php 第 22 行.
NOTIC: [2048] Declaration of Common\Model\PositionContentModel::find() should be compatible with that of Think\Model::find() E:\Myphp\imoocnews\Application\Common\Model\PositionContentModel.class.php 第 9 行.
SQL: SHOW COLUMNS FROM `cms_position_content` [ RunTime:0.0016s ]
NOTIC: [8] Undefined index: title E:\Myphp\imoocnews\Application\Common\Model\PositionContentModel.class.php 第 37 行.
SQL: SELECT * FROM `cms_position_content` WHERE `status` <> -1 ORDER BY listorder desc,id desc LIMIT 0,5   [ RunTime:0.0004s ]
SQL: SELECT COUNT(*) AS tp_count FROM `cms_position_content` WHERE `status` <> -1 LIMIT 1   [ RunTime:0.0003s ]
SQL: SHOW COLUMNS FROM `cms_position` [ RunTime:0.0015s ]
SQL: SELECT * FROM `cms_position` WHERE ( status != -1 )  [ RunTime:0.0003s ]
INFO: [ view_parse ] --START--
INFO: [ template_filter ] --START--
INFO: Run Behavior\ContentReplaceBehavior [ RunTime:0.000191s ]
INFO: [ template_filter ] --END-- [ RunTime:0.000484s ]
NOTIC: [2048] Declaration of Common\Model\MenuModel::find() should be compatible with that of Think\Model::find() E:\Myphp\imoocnews\Application\Common\Model\MenuModel.class.php 第 97 行.
SQL: SHOW COLUMNS FROM `cms_menu` [ RunTime:0.0017s ]
SQL: SELECT * FROM `cms_menu` WHERE `status` <> -1 AND `type` = 1 ORDER BY listorder desc,menu_id desc  [ RunTime:0.0004s ]
NOTIC: [8] Use of undefined constant admin - assumed 'admin' E:\Myphp\imoocnews\Application\Runtime\Cache\Admin\b8a8b9d170e6c07d7b463ea02385894d.php 第 24 行.
NOTIC: [8] Use of undefined constant admin - assumed 'admin' E:\Myphp\imoocnews\Application\Runtime\Cache\Admin\b8a8b9d170e6c07d7b463ea02385894d.php 第 24 行.
NOTIC: [8] Use of undefined constant admin - assumed 'admin' E:\Myphp\imoocnews\Application\Runtime\Cache\Admin\b8a8b9d170e6c07d7b463ea02385894d.php 第 24 行.
NOTIC: [8] Use of undefined constant admin - assumed 'admin' E:\Myphp\imoocnews\Application\Runtime\Cache\Admin\b8a8b9d170e6c07d7b463ea02385894d.php 第 24 行.
NOTIC: [8] Use of undefined constant admin - assumed 'admin' E:\Myphp\imoocnews\Application\Runtime\Cache\Admin\b8a8b9d170e6c07d7b463ea02385894d.php 第 24 行.
NOTIC: [8] Use of undefined constant admin - assumed 'admin' E:\Myphp\imoocnews\Application\Runtime\Cache\Admin\b8a8b9d170e6c07d7b463ea02385894d.php 第 24 行.
NOTIC: [8] Undefined variable: positionId E:\Myphp\imoocnews\Application\Runtime\Cache\Admin\b8a8b9d170e6c07d7b463ea02385894d.php 第 65 行.
NOTIC: [8] Undefined variable: positionId E:\Myphp\imoocnews\Application\Runtime\Cache\Admin\b8a8b9d170e6c07d7b463ea02385894d.php 第 65 行.
NOTIC: [8] Undefined variable: positionId E:\Myphp\imoocnews\Application\Runtime\Cache\Admin\b8a8b9d170e6c07d7b463ea02385894d.php 第 65 行.
NOTIC: [8] Undefined variable: title E:\Myphp\imoocnews\Application\Runtime\Cache\Admin\b8a8b9d170e6c07d7b463ea02385894d.php 第 71 行.
INFO: Run Behavior\ParseTemplateBehavior [ RunTime:0.033085s ]
INFO: [ view_parse ] --END-- [ RunTime:0.033405s ]
INFO: [ view_filter ] --START--
INFO: Run Behavior\WriteHtmlCacheBehavior [ RunTime:0.000436s ]
INFO: [ view_filter ] --END-- [ RunTime:0.000718s ]
INFO: [ app_end ] --START--
INFO: Run Behavior\ShowPageTraceBehavior [ RunTime:0.000682s ]
INFO: [ app_end ] --END-- [ RunTime:0.001003s ]

[ 2017-02-11T14:19:02+08:00 ] 58.23.120.170 /imoocnews/admin/admin/index
INFO: [ app_init ] --START--
INFO: Run Behavior\BuildLiteBehavior [ RunTime:0.000056s ]
INFO: [ app_init ] --END-- [ RunTime:0.000669s ]
INFO: [ app_begin ] --START--
INFO: Run Behavior\ReadHtmlCacheBehavior [ RunTime:0.000627s ]
INFO: Run Behavior\CronRunBehavior [ RunTime:0.001028s ]
INFO: [ app_begin ] --END-- [ RunTime:0.002107s ]
NOTIC: [8] Undefined index: p E:\Myphp\imoocnews\Application\Admin\Controller\AdminController.class.php 第 14 行.
NOTIC: [8] Undefined index: pagesize E:\Myphp\imoocnews\Application\Admin\Controller\AdminController.class.php 第 15 行.
NOTIC: [2048] Declaration of Common\Model\AdminModel::find() should be compatible with that of Think\Model::find() E:\Myphp\imoocnews\Application\Common\Model\AdminModel.class.php 第 9 行.
SQL: SHOW COLUMNS FROM `cms_admin` [ RunTime:0.0016s ]
SQL: SELECT * FROM `cms_admin` WHERE `status` <> -1 ORDER BY lastlogintime desc,admin_id desc LIMIT 0,5   [ RunTime:0.0004s ]
SQL: SELECT COUNT(*) AS tp_count FROM `cms_admin` WHERE `status` <> -1 LIMIT 1   [ RunTime:0.0003s ]
INFO: [ view_parse ] --START--
INFO: [ template_filter ] --START--
INFO: Run Behavior\ContentReplaceBehavior [ RunTime:0.000173s ]
INFO: [ template_filter ] --END-- [ RunTime:0.000462s ]
NOTIC: [2048] Declaration of Common\Model\MenuModel::find() should be compatible with that of Think\Model::find() E:\Myphp\imoocnews\Application\Common\Model\MenuModel.class.php 第 97 行.
SQL: SHOW COLUMNS FROM `cms_menu` [ RunTime:0.0018s ]
SQL: SELECT * FROM `cms_menu` WHERE `status` <> -1 AND `type` = 1 ORDER BY listorder desc,menu_id desc  [ RunTime:0.0004s ]
NOTIC: [8] Use of undefined constant admin - assumed 'admin' E:\Myphp\imoocnews\Application\Runtime\Cache\Admin\b682812e058c4f7cab74d08ab9eabe11.php 第 24 行.
NOTIC: [8] Use of undefined constant admin - assumed 'admin' E:\Myphp\imoocnews\Application\Runtime\Cache\Admin\b682812e058c4f7cab74d08ab9eabe11.php 第 24 行.
NOTIC: [8] Use of undefined constant admin - assumed 'admin' E:\Myphp\imoocnews\Application\Runtime\Cache\Admin\b682812e058c4f7cab74d08ab9eabe11.php 第 24 行.
NOTIC: [8] Use of undefined constant admin - assumed 'admin' E:\Myphp\imoocnews\Application\Runtime\Cache\Admin\b682812e058c4f7cab74d08ab9eabe11.php 第 24 行.
NOTIC: [8] Use of undefined constant admin - assumed 'admin' E:\Myphp\imoocnews\Application\Runtime\Cache\Admin\b682812e058c4f7cab74d08ab9eabe11.php 第 24 行.
NOTIC: [8] Use of undefined constant admin - assumed 'admin' E:\Myphp\imoocnews\Application\Runtime\Cache\Admin\b682812e058c4f7cab74d08ab9eabe11.php 第 24 行.
INFO: Run Behavior\ParseTemplateBehavior [ RunTime:0.028543s ]
INFO: [ view_parse ] --END-- [ RunTime:0.028862s ]
INFO: [ view_filter ] --START--
INFO: Run Behavior\WriteHtmlCacheBehavior [ RunTime:0.000441s ]
INFO: [ view_filter ] --END-- [ RunTime:0.000747s ]
INFO: [ app_end ] --START--
INFO: Run Behavior\ShowPageTraceBehavior [ RunTime:0.000645s ]
INFO: [ app_end ] --END-- [ RunTime:0.000931s ]

[ 2017-02-11T14:19:04+08:00 ] 58.23.120.170 /imoocnews/admin/index/index
INFO: [ app_init ] --START--
INFO: Run Behavior\BuildLiteBehavior [ RunTime:0.000080s ]
INFO: [ app_init ] --END-- [ RunTime:0.000674s ]
INFO: [ app_begin ] --START--
INFO: Run Behavior\ReadHtmlCacheBehavior [ RunTime:0.000608s ]
INFO: Run Behavior\CronRunBehavior [ RunTime:0.000960s ]
INFO: [ app_begin ] --END-- [ RunTime:0.002015s ]
NOTIC: [2048] Declaration of Common\Model\NewsModel::save() should be compatible with that of Think\Model::save() E:\Myphp\imoocnews\Application\Common\Model\NewsModel.class.php 第 10 行.
NOTIC: [2048] Declaration of Common\Model\NewsModel::find() should be compatible with that of Think\Model::find() E:\Myphp\imoocnews\Application\Common\Model\NewsModel.class.php 第 10 行.
SQL: SHOW COLUMNS FROM `cms_news` [ RunTime:0.0018s ]
SQL: SELECT * FROM `cms_news` WHERE `status` = 1 ORDER BY count desc LIMIT 1   [ RunTime:0.0004s ]
NOTIC: [8] Undefined index: title E:\Myphp\imoocnews\Application\Common\Model\NewsModel.class.php 第 48 行.
NOTIC: [8] Undefined index: catid E:\Myphp\imoocnews\Application\Common\Model\NewsModel.class.php 第 51 行.
SQL: SELECT COUNT(*) AS tp_count FROM `cms_news` WHERE `status` = 1 LIMIT 1   [ RunTime:0.0003s ]
NOTIC: [2048] Declaration of Common\Model\PositionModel::find() should be compatible with that of Think\Model::find() E:\Myphp\imoocnews\Application\Common\Model\PositionModel.class.php 第 60 行.
SQL: SHOW COLUMNS FROM `cms_position` [ RunTime:0.0014s ]
SQL: SELECT COUNT(*) AS tp_count FROM `cms_position` WHERE `status` = 1 LIMIT 1   [ RunTime:0.0002s ]
NOTIC: [2048] Declaration of Common\Model\AdminModel::find() should be compatible with that of Think\Model::find() E:\Myphp\imoocnews\Application\Common\Model\AdminModel.class.php 第 86 行.
SQL: SHOW COLUMNS FROM `cms_admin` [ RunTime:0.0014s ]
SQL: SELECT COUNT(*) AS tp_count FROM `cms_admin` WHERE `status` = 1 AND `lastlogintime` > 1486742400 LIMIT 1   [ RunTime:0.0003s ]
INFO: [ view_parse ] --START--
INFO: [ template_filter ] --START--
INFO: Run Behavior\ContentReplaceBehavior [ RunTime:0.000164s ]
INFO: [ template_filter ] --END-- [ RunTime:0.000448s ]
NOTIC: [2048] Declaration of Common\Model\MenuModel::find() should be compatible with that of Think\Model::find() E:\Myphp\imoocnews\Application\Common\Model\MenuModel.class.php 第 97 行.
SQL: SHOW COLUMNS FROM `cms_menu` [ RunTime:0.0015s ]
SQL: SELECT * FROM `cms_menu` WHERE `status` <> -1 AND `type` = 1 ORDER BY listorder desc,menu_id desc  [ RunTime:0.0003s ]
NOTIC: [8] Use of undefined constant admin - assumed 'admin' E:\Myphp\imoocnews\Application\Runtime\Cache\Admin\b595b808c2ebeeeb0478ffc30bb4e87a.php 第 24 行.
NOTIC: [8] Use of undefined constant admin - assumed 'admin' E:\Myphp\imoocnews\Application\Runtime\Cache\Admin\b595b808c2ebeeeb0478ffc30bb4e87a.php 第 24 行.
NOTIC: [8] Use of undefined constant admin - assumed 'admin' E:\Myphp\imoocnews\Application\Runtime\Cache\Admin\b595b808c2ebeeeb0478ffc30bb4e87a.php 第 24 行.
NOTIC: [8] Use of undefined constant admin - assumed 'admin' E:\Myphp\imoocnews\Application\Runtime\Cache\Admin\b595b808c2ebeeeb0478ffc30bb4e87a.php 第 24 行.
NOTIC: [8] Use of undefined constant admin - assumed 'admin' E:\Myphp\imoocnews\Application\Runtime\Cache\Admin\b595b808c2ebeeeb0478ffc30bb4e87a.php 第 24 行.
NOTIC: [8] Use of undefined constant admin - assumed 'admin' E:\Myphp\imoocnews\Application\Runtime\Cache\Admin\b595b808c2ebeeeb0478ffc30bb4e87a.php 第 24 行.
INFO: Run Behavior\ParseTemplateBehavior [ RunTime:0.023317s ]
INFO: [ view_parse ] --END-- [ RunTime:0.023600s ]
INFO: [ view_filter ] --START--
INFO: Run Behavior\WriteHtmlCacheBehavior [ RunTime:0.000441s ]
INFO: [ view_filter ] --END-- [ RunTime:0.000731s ]
INFO: [ app_end ] --START--
INFO: Run Behavior\ShowPageTraceBehavior [ RunTime:0.000650s ]
INFO: [ app_end ] --END-- [ RunTime:0.000939s ]

[ 2017-02-11T22:16:54+08:00 ] 183.57.53.222 /imoocnews/admin
INFO: [ app_init ] --START--
INFO: Run Behavior\BuildLiteBehavior [ RunTime:0.000056s ]
INFO: [ app_init ] --END-- [ RunTime:0.000648s ]
INFO: [ app_begin ] --START--
INFO: Run Behavior\ReadHtmlCacheBehavior [ RunTime:0.000635s ]
INFO: Run Behavior\CronRunBehavior [ RunTime:0.000969s ]
INFO: [ app_begin ] --END-- [ RunTime:0.002043s ]

[ 2017-02-11T22:16:54+08:00 ] 123.151.64.202 /imoocnews/admin
INFO: [ app_init ] --START--
INFO: Run Behavior\BuildLiteBehavior [ RunTime:0.000063s ]
INFO: [ app_init ] --END-- [ RunTime:0.000672s ]
INFO: [ app_begin ] --START--
INFO: Run Behavior\ReadHtmlCacheBehavior [ RunTime:0.000676s ]
INFO: Run Behavior\CronRunBehavior [ RunTime:0.000947s ]
INFO: [ app_begin ] --END-- [ RunTime:0.002105s ]

[ 2017-02-11T22:16:54+08:00 ] 123.151.64.202 /imoocnews/admin/login/index.html
INFO: [ app_init ] --START--
INFO: Run Behavior\BuildLiteBehavior [ RunTime:0.000055s ]
INFO: [ app_init ] --END-- [ RunTime:0.000635s ]
INFO: [ app_begin ] --START--
INFO: Run Behavior\ReadHtmlCacheBehavior [ RunTime:0.000631s ]
INFO: Run Behavior\CronRunBehavior [ RunTime:0.000908s ]
INFO: [ app_begin ] --END-- [ RunTime:0.001980s ]
INFO: [ view_parse ] --START--
INFO: [ template_filter ] --START--
INFO: Run Behavior\ContentReplaceBehavior [ RunTime:0.000135s ]
INFO: [ template_filter ] --END-- [ RunTime:0.000421s ]
INFO: Run Behavior\ParseTemplateBehavior [ RunTime:0.008182s ]
INFO: [ view_parse ] --END-- [ RunTime:0.008472s ]
INFO: [ view_filter ] --START--
INFO: Run Behavior\WriteHtmlCacheBehavior [ RunTime:0.000422s ]
INFO: [ view_filter ] --END-- [ RunTime:0.000718s ]
INFO: [ app_end ] --START--
INFO: Run Behavior\ShowPageTraceBehavior [ RunTime:0.000751s ]
INFO: [ app_end ] --END-- [ RunTime:0.001090s ]

[ 2017-02-11T22:16:54+08:00 ] 183.57.53.222 /imoocnews/admin/login/index.html
INFO: [ app_init ] --START--
INFO: Run Behavior\BuildLiteBehavior [ RunTime:0.000055s ]
INFO: [ app_init ] --END-- [ RunTime:0.000638s ]
INFO: [ app_begin ] --START--
INFO: Run Behavior\ReadHtmlCacheBehavior [ RunTime:0.000633s ]
INFO: Run Behavior\CronRunBehavior [ RunTime:0.000905s ]
INFO: [ app_begin ] --END-- [ RunTime:0.001981s ]
INFO: [ view_parse ] --START--
INFO: [ template_filter ] --START--
INFO: Run Behavior\ContentReplaceBehavior [ RunTime:0.000133s ]
INFO: [ template_filter ] --END-- [ RunTime:0.000411s ]
INFO: Run Behavior\ParseTemplateBehavior [ RunTime:0.007953s ]
INFO: [ view_parse ] --END-- [ RunTime:0.008235s ]
INFO: [ view_filter ] --START--
INFO: Run Behavior\WriteHtmlCacheBehavior [ RunTime:0.000476s ]
INFO: [ view_filter ] --END-- [ RunTime:0.000748s ]
INFO: [ app_end ] --START--
INFO: Run Behavior\ShowPageTraceBehavior [ RunTime:0.000641s ]
INFO: [ app_end ] --END-- [ RunTime:0.000919s ]

[ 2017-02-11T22:17:03+08:00 ] 101.226.125.100 /imoocnews/admin
INFO: [ app_init ] --START--
INFO: Run Behavior\BuildLiteBehavior [ RunTime:0.000056s ]
INFO: [ app_init ] --END-- [ RunTime:0.000648s ]
INFO: [ app_begin ] --START--
INFO: Run Behavior\ReadHtmlCacheBehavior [ RunTime:0.000703s ]
INFO: Run Behavior\CronRunBehavior [ RunTime:0.000984s ]
INFO: [ app_begin ] --END-- [ RunTime:0.002132s ]

[ 2017-02-11T22:17:03+08:00 ] 101.226.125.100 /imoocnews/admin/login/index.html
INFO: [ app_init ] --START--
INFO: Run Behavior\BuildLiteBehavior [ RunTime:0.000055s ]
INFO: [ app_init ] --END-- [ RunTime:0.000637s ]
INFO: [ app_begin ] --START--
INFO: Run Behavior\ReadHtmlCacheBehavior [ RunTime:0.000635s ]
INFO: Run Behavior\CronRunBehavior [ RunTime:0.000969s ]
INFO: [ app_begin ] --END-- [ RunTime:0.002060s ]
INFO: [ view_parse ] --START--
INFO: [ template_filter ] --START--
INFO: Run Behavior\ContentReplaceBehavior [ RunTime:0.000136s ]
INFO: [ template_filter ] --END-- [ RunTime:0.000416s ]
INFO: Run Behavior\ParseTemplateBehavior [ RunTime:0.008361s ]
INFO: [ view_parse ] --END-- [ RunTime:0.008659s ]
INFO: [ view_filter ] --START--
INFO: Run Behavior\WriteHtmlCacheBehavior [ RunTime:0.000453s ]
INFO: [ view_filter ] --END-- [ RunTime:0.000745s ]
INFO: [ app_end ] --START--
INFO: Run Behavior\ShowPageTraceBehavior [ RunTime:0.000653s ]
INFO: [ app_end ] --END-- [ RunTime:0.000940s ]

[ 2017-02-11T22:17:04+08:00 ] 101.226.33.237 /imoocnews/admin/login/index.html
INFO: [ app_init ] --START--
INFO: Run Behavior\BuildLiteBehavior [ RunTime:0.000056s ]
INFO: [ app_init ] --END-- [ RunTime:0.000665s ]
INFO: [ app_begin ] --START--
INFO: Run Behavior\ReadHtmlCacheBehavior [ RunTime:0.000643s ]
INFO: Run Behavior\CronRunBehavior [ RunTime:0.001113s ]
INFO: [ app_begin ] --END-- [ RunTime:0.002260s ]
INFO: [ view_parse ] --START--
INFO: [ template_filter ] --START--
INFO: Run Behavior\ContentReplaceBehavior [ RunTime:0.000149s ]
INFO: [ template_filter ] --END-- [ RunTime:0.000496s ]
INFO: Run Behavior\ParseTemplateBehavior [ RunTime:0.008407s ]
INFO: [ view_parse ] --END-- [ RunTime:0.008691s ]
INFO: [ view_filter ] --START--
INFO: Run Behavior\WriteHtmlCacheBehavior [ RunTime:0.000447s ]
INFO: [ view_filter ] --END-- [ RunTime:0.000738s ]
INFO: [ app_end ] --START--
INFO: Run Behavior\ShowPageTraceBehavior [ RunTime:0.000696s ]
INFO: [ app_end ] --END-- [ RunTime:0.001001s ]

[ 2017-02-11T22:17:05+08:00 ] 110.85.197.91 /imoocnews/admin
INFO: [ app_init ] --START--
INFO: Run Behavior\BuildLiteBehavior [ RunTime:0.000069s ]
INFO: [ app_init ] --END-- [ RunTime:0.000663s ]
INFO: [ app_begin ] --START--
INFO: Run Behavior\ReadHtmlCacheBehavior [ RunTime:0.000659s ]
INFO: Run Behavior\CronRunBehavior [ RunTime:0.000987s ]
INFO: [ app_begin ] --END-- [ RunTime:0.002101s ]

[ 2017-02-11T22:17:05+08:00 ] 110.85.197.91 /imoocnews/admin/login/index.html
INFO: [ app_init ] --START--
INFO: Run Behavior\BuildLiteBehavior [ RunTime:0.000056s ]
INFO: [ app_init ] --END-- [ RunTime:0.000640s ]
INFO: [ app_begin ] --START--
INFO: Run Behavior\ReadHtmlCacheBehavior [ RunTime:0.000649s ]
INFO: Run Behavior\CronRunBehavior [ RunTime:0.000945s ]
INFO: [ app_begin ] --END-- [ RunTime:0.002039s ]
INFO: [ view_parse ] --START--
INFO: [ template_filter ] --START--
INFO: Run Behavior\ContentReplaceBehavior [ RunTime:0.000137s ]
INFO: [ template_filter ] --END-- [ RunTime:0.000461s ]
INFO: Run Behavior\ParseTemplateBehavior [ RunTime:0.008236s ]
INFO: [ view_parse ] --END-- [ RunTime:0.008544s ]
INFO: [ view_filter ] --START--
INFO: Run Behavior\WriteHtmlCacheBehavior [ RunTime:0.000419s ]
INFO: [ view_filter ] --END-- [ RunTime:0.000697s ]
INFO: [ app_end ] --START--
INFO: Run Behavior\ShowPageTraceBehavior [ RunTime:0.000651s ]
INFO: [ app_end ] --END-- [ RunTime:0.000937s ]

[ 2017-02-11T22:17:14+08:00 ] 101.226.61.207 /imoocnews/admin
INFO: [ app_init ] --START--
INFO: Run Behavior\BuildLiteBehavior [ RunTime:0.000056s ]
INFO: [ app_init ] --END-- [ RunTime:0.000656s ]
INFO: [ app_begin ] --START--
INFO: Run Behavior\ReadHtmlCacheBehavior [ RunTime:0.000654s ]
INFO: Run Behavior\CronRunBehavior [ RunTime:0.001016s ]
INFO: [ app_begin ] --END-- [ RunTime:0.002161s ]

[ 2017-02-11T22:17:14+08:00 ] 101.226.61.207 /imoocnews/admin/login/index.html
INFO: [ app_init ] --START--
INFO: Run Behavior\BuildLiteBehavior [ RunTime:0.000055s ]
INFO: [ app_init ] --END-- [ RunTime:0.000644s ]
INFO: [ app_begin ] --START--
INFO: Run Behavior\ReadHtmlCacheBehavior [ RunTime:0.000639s ]
INFO: Run Behavior\CronRunBehavior [ RunTime:0.000979s ]
INFO: [ app_begin ] --END-- [ RunTime:0.002101s ]
INFO: [ view_parse ] --START--
INFO: [ template_filter ] --START--
INFO: Run Behavior\ContentReplaceBehavior [ RunTime:0.000137s ]
INFO: [ template_filter ] --END-- [ RunTime:0.000420s ]
INFO: Run Behavior\ParseTemplateBehavior [ RunTime:0.008258s ]
INFO: [ view_parse ] --END-- [ RunTime:0.008542s ]
INFO: [ view_filter ] --START--
INFO: Run Behavior\WriteHtmlCacheBehavior [ RunTime:0.000436s ]
INFO: [ view_filter ] --END-- [ RunTime:0.000714s ]
INFO: [ app_end ] --START--
INFO: Run Behavior\ShowPageTraceBehavior [ RunTime:0.000646s ]
INFO: [ app_end ] --END-- [ RunTime:0.000933s ]

[ 2017-02-11T22:18:18+08:00 ] 110.85.197.91 /imoocnews/admin
INFO: [ app_init ] --START--
INFO: Run Behavior\BuildLiteBehavior [ RunTime:0.000057s ]
INFO: [ app_init ] --END-- [ RunTime:0.000643s ]
INFO: [ app_begin ] --START--
INFO: Run Behavior\ReadHtmlCacheBehavior [ RunTime:0.000631s ]
INFO: Run Behavior\CronRunBehavior [ RunTime:0.000992s ]
INFO: [ app_begin ] --END-- [ RunTime:0.002070s ]

[ 2017-02-11T22:18:18+08:00 ] 110.85.197.91 /imoocnews/admin/login/index.html
INFO: [ app_init ] --START--
INFO: Run Behavior\BuildLiteBehavior [ RunTime:0.000056s ]
INFO: [ app_init ] --END-- [ RunTime:0.000646s ]
INFO: [ app_begin ] --START--
INFO: Run Behavior\ReadHtmlCacheBehavior [ RunTime:0.000638s ]
INFO: Run Behavior\CronRunBehavior [ RunTime:0.001076s ]
INFO: [ app_begin ] --END-- [ RunTime:0.002164s ]
INFO: [ view_parse ] --START--
INFO: [ template_filter ] --START--
INFO: Run Behavior\ContentReplaceBehavior [ RunTime:0.000138s ]
INFO: [ template_filter ] --END-- [ RunTime:0.000419s ]
INFO: Run Behavior\ParseTemplateBehavior [ RunTime:0.008175s ]
INFO: [ view_parse ] --END-- [ RunTime:0.008459s ]
INFO: [ view_filter ] --START--
INFO: Run Behavior\WriteHtmlCacheBehavior [ RunTime:0.000431s ]
INFO: [ view_filter ] --END-- [ RunTime:0.000699s ]
INFO: [ app_end ] --START--
INFO: Run Behavior\ShowPageTraceBehavior [ RunTime:0.000660s ]
INFO: [ app_end ] --END-- [ RunTime:0.000937s ]

[ 2017-02-11T22:18:51+08:00 ] 110.85.197.91 /imoocnews/admin
INFO: [ app_init ] --START--
INFO: Run Behavior\BuildLiteBehavior [ RunTime:0.000055s ]
INFO: [ app_init ] --END-- [ RunTime:0.000642s ]
INFO: [ app_begin ] --START--
INFO: Run Behavior\ReadHtmlCacheBehavior [ RunTime:0.000617s ]
INFO: Run Behavior\CronRunBehavior [ RunTime:0.000966s ]
INFO: [ app_begin ] --END-- [ RunTime:0.002023s ]

[ 2017-02-11T22:18:51+08:00 ] 110.85.197.91 /imoocnews/admin/login/index.html
INFO: [ app_init ] --START--
INFO: Run Behavior\BuildLiteBehavior [ RunTime:0.000054s ]
INFO: [ app_init ] --END-- [ RunTime:0.000631s ]
INFO: [ app_begin ] --START--
INFO: Run Behavior\ReadHtmlCacheBehavior [ RunTime:0.000620s ]
INFO: Run Behavior\CronRunBehavior [ RunTime:0.000899s ]
INFO: [ app_begin ] --END-- [ RunTime:0.001958s ]
INFO: [ view_parse ] --START--
INFO: [ template_filter ] --START--
INFO: Run Behavior\ContentReplaceBehavior [ RunTime:0.000135s ]
INFO: [ template_filter ] --END-- [ RunTime:0.000411s ]
INFO: Run Behavior\ParseTemplateBehavior [ RunTime:0.007981s ]
INFO: [ view_parse ] --END-- [ RunTime:0.008261s ]
INFO: [ view_filter ] --START--
INFO: Run Behavior\WriteHtmlCacheBehavior [ RunTime:0.000429s ]
INFO: [ view_filter ] --END-- [ RunTime:0.000756s ]
INFO: [ app_end ] --START--
INFO: Run Behavior\ShowPageTraceBehavior [ RunTime:0.000647s ]
INFO: [ app_end ] --END-- [ RunTime:0.000922s ]

[ 2017-02-11T23:28:21+08:00 ] 110.85.197.91 /imoocnews/admin
INFO: [ app_init ] --START--
INFO: Run Behavior\BuildLiteBehavior [ RunTime:0.000056s ]
INFO: [ app_init ] --END-- [ RunTime:0.000683s ]
INFO: [ app_begin ] --START--
INFO: Run Behavior\ReadHtmlCacheBehavior [ RunTime:0.000651s ]
INFO: Run Behavior\CronRunBehavior [ RunTime:0.000974s ]
INFO: [ app_begin ] --END-- [ RunTime:0.002071s ]

[ 2017-02-11T23:28:21+08:00 ] 110.85.197.91 /imoocnews/admin/login/index.html
INFO: [ app_init ] --START--
INFO: Run Behavior\BuildLiteBehavior [ RunTime:0.000055s ]
INFO: [ app_init ] --END-- [ RunTime:0.000647s ]
INFO: [ app_begin ] --START--
INFO: Run Behavior\ReadHtmlCacheBehavior [ RunTime:0.000667s ]
INFO: Run Behavior\CronRunBehavior [ RunTime:0.001039s ]
INFO: [ app_begin ] --END-- [ RunTime:0.002148s ]
INFO: [ view_parse ] --START--
INFO: [ template_filter ] --START--
INFO: Run Behavior\ContentReplaceBehavior [ RunTime:0.000135s ]
INFO: [ template_filter ] --END-- [ RunTime:0.000410s ]
INFO: Run Behavior\ParseTemplateBehavior [ RunTime:0.008130s ]
INFO: [ view_parse ] --END-- [ RunTime:0.008489s ]
INFO: [ view_filter ] --START--
INFO: Run Behavior\WriteHtmlCacheBehavior [ RunTime:0.000419s ]
INFO: [ view_filter ] --END-- [ RunTime:0.000687s ]
INFO: [ app_end ] --START--
INFO: Run Behavior\ShowPageTraceBehavior [ RunTime:0.000638s ]
INFO: [ app_end ] --END-- [ RunTime:0.000920s ]

[ 2017-02-11T23:28:59+08:00 ] 110.85.197.91 /imoocnews/admin
INFO: [ app_init ] --START--
INFO: Run Behavior\BuildLiteBehavior [ RunTime:0.000057s ]
INFO: [ app_init ] --END-- [ RunTime:0.000650s ]
INFO: [ app_begin ] --START--
INFO: Run Behavior\ReadHtmlCacheBehavior [ RunTime:0.000619s ]
INFO: Run Behavior\CronRunBehavior [ RunTime:0.001087s ]
INFO: [ app_begin ] --END-- [ RunTime:0.002147s ]

[ 2017-02-11T23:28:59+08:00 ] 110.85.197.91 /imoocnews/admin/login/index.html
INFO: [ app_init ] --START--
INFO: Run Behavior\BuildLiteBehavior [ RunTime:0.000055s ]
INFO: [ app_init ] --END-- [ RunTime:0.000634s ]
INFO: [ app_begin ] --START--
INFO: Run Behavior\ReadHtmlCacheBehavior [ RunTime:0.000627s ]
INFO: Run Behavior\CronRunBehavior [ RunTime:0.000916s ]
INFO: [ app_begin ] --END-- [ RunTime:0.002001s ]
INFO: [ view_parse ] --START--
INFO: [ template_filter ] --START--
INFO: Run Behavior\ContentReplaceBehavior [ RunTime:0.000149s ]
INFO: [ template_filter ] --END-- [ RunTime:0.000463s ]
INFO: Run Behavior\ParseTemplateBehavior [ RunTime:0.008099s ]
INFO: [ view_parse ] --END-- [ RunTime:0.008427s ]
INFO: [ view_filter ] --START--
INFO: Run Behavior\WriteHtmlCacheBehavior [ RunTime:0.000409s ]
INFO: [ view_filter ] --END-- [ RunTime:0.000720s ]
INFO: [ app_end ] --START--
INFO: Run Behavior\ShowPageTraceBehavior [ RunTime:0.000654s ]
INFO: [ app_end ] --END-- [ RunTime:0.000936s ]

[ 2017-02-11T23:29:11+08:00 ] 110.85.197.91 /imoocnews/admin.php/admin/login/check
INFO: [ app_init ] --START--
INFO: Run Behavior\BuildLiteBehavior [ RunTime:0.000055s ]
INFO: [ app_init ] --END-- [ RunTime:0.000645s ]
INFO: [ app_begin ] --START--
INFO: Run Behavior\ReadHtmlCacheBehavior [ RunTime:0.000589s ]
INFO: Run Behavior\CronRunBehavior [ RunTime:0.000962s ]
INFO: [ app_begin ] --END-- [ RunTime:0.001916s ]
NOTIC: [2048] Declaration of Common\Model\AdminModel::find() should be compatible with that of Think\Model::find() E:\Myphp\imoocnews\Application\Common\Model\AdminModel.class.php 第 9 行.
SQL: SHOW COLUMNS FROM `cms_admin` [ RunTime:0.0018s ]
SQL: SELECT * FROM `cms_admin` WHERE `username` = 'admin' LIMIT 1   [ RunTime:0.0003s ]
NOTIC: [8] Undefined index: status E:\Myphp\imoocnews\Application\Common\Model\AdminModel.class.php 第 53 行.
SQL: UPDATE `cms_admin` SET `lastlogintime`='1486826951' WHERE `admin_id` = 1 [ RunTime:0.0003s ]

[ 2017-02-11T23:29:13+08:00 ] 110.85.197.91 /imoocnews/admin.php/admin/index/index
INFO: [ app_init ] --START--
INFO: Run Behavior\BuildLiteBehavior [ RunTime:0.000056s ]
INFO: [ app_init ] --END-- [ RunTime:0.000638s ]
INFO: [ app_begin ] --START--
INFO: Run Behavior\ReadHtmlCacheBehavior [ RunTime:0.000665s ]
INFO: Run Behavior\CronRunBehavior [ RunTime:0.000960s ]
INFO: [ app_begin ] --END-- [ RunTime:0.002105s ]
NOTIC: [2048] Declaration of Common\Model\NewsModel::save() should be compatible with that of Think\Model::save() E:\Myphp\imoocnews\Application\Common\Model\NewsModel.class.php 第 10 行.
NOTIC: [2048] Declaration of Common\Model\NewsModel::find() should be compatible with that of Think\Model::find() E:\Myphp\imoocnews\Application\Common\Model\NewsModel.class.php 第 10 行.
SQL: SHOW COLUMNS FROM `cms_news` [ RunTime:0.0018s ]
SQL: SELECT * FROM `cms_news` WHERE `status` = 1 ORDER BY count desc LIMIT 1   [ RunTime:0.0004s ]
NOTIC: [8] Undefined index: title E:\Myphp\imoocnews\Application\Common\Model\NewsModel.class.php 第 48 行.
NOTIC: [8] Undefined index: catid E:\Myphp\imoocnews\Application\Common\Model\NewsModel.class.php 第 51 行.
SQL: SELECT COUNT(*) AS tp_count FROM `cms_news` WHERE `status` = 1 LIMIT 1   [ RunTime:0.0003s ]
NOTIC: [2048] Declaration of Common\Model\PositionModel::find() should be compatible with that of Think\Model::find() E:\Myphp\imoocnews\Application\Common\Model\PositionModel.class.php 第 60 行.
SQL: SHOW COLUMNS FROM `cms_position` [ RunTime:0.0015s ]
SQL: SELECT COUNT(*) AS tp_count FROM `cms_position` WHERE `status` = 1 LIMIT 1   [ RunTime:0.0003s ]
NOTIC: [2048] Declaration of Common\Model\AdminModel::find() should be compatible with that of Think\Model::find() E:\Myphp\imoocnews\Application\Common\Model\AdminModel.class.php 第 86 行.
SQL: SHOW COLUMNS FROM `cms_admin` [ RunTime:0.0014s ]
SQL: SELECT COUNT(*) AS tp_count FROM `cms_admin` WHERE `status` = 1 AND `lastlogintime` > 1486742400 LIMIT 1   [ RunTime:0.0003s ]
INFO: [ view_parse ] --START--
INFO: [ template_filter ] --START--
INFO: Run Behavior\ContentReplaceBehavior [ RunTime:0.000167s ]
INFO: [ template_filter ] --END-- [ RunTime:0.000449s ]
NOTIC: [2048] Declaration of Common\Model\MenuModel::find() should be compatible with that of Think\Model::find() E:\Myphp\imoocnews\Application\Common\Model\MenuModel.class.php 第 97 行.
SQL: SHOW COLUMNS FROM `cms_menu` [ RunTime:0.0016s ]
SQL: SELECT * FROM `cms_menu` WHERE `status` <> -1 AND `type` = 1 ORDER BY listorder desc,menu_id desc  [ RunTime:0.0003s ]
NOTIC: [8] Use of undefined constant admin - assumed 'admin' E:\Myphp\imoocnews\Application\Runtime\Cache\Admin\b595b808c2ebeeeb0478ffc30bb4e87a.php 第 24 行.
NOTIC: [8] Use of undefined constant admin - assumed 'admin' E:\Myphp\imoocnews\Application\Runtime\Cache\Admin\b595b808c2ebeeeb0478ffc30bb4e87a.php 第 24 行.
NOTIC: [8] Use of undefined constant admin - assumed 'admin' E:\Myphp\imoocnews\Application\Runtime\Cache\Admin\b595b808c2ebeeeb0478ffc30bb4e87a.php 第 24 行.
NOTIC: [8] Use of undefined constant admin - assumed 'admin' E:\Myphp\imoocnews\Application\Runtime\Cache\Admin\b595b808c2ebeeeb0478ffc30bb4e87a.php 第 24 行.
NOTIC: [8] Use of undefined constant admin - assumed 'admin' E:\Myphp\imoocnews\Application\Runtime\Cache\Admin\b595b808c2ebeeeb0478ffc30bb4e87a.php 第 24 行.
NOTIC: [8] Use of undefined constant admin - assumed 'admin' E:\Myphp\imoocnews\Application\Runtime\Cache\Admin\b595b808c2ebeeeb0478ffc30bb4e87a.php 第 24 行.
INFO: Run Behavior\ParseTemplateBehavior [ RunTime:0.023365s ]
INFO: [ view_parse ] --END-- [ RunTime:0.023637s ]
INFO: [ view_filter ] --START--
INFO: Run Behavior\WriteHtmlCacheBehavior [ RunTime:0.000460s ]
INFO: [ view_filter ] --END-- [ RunTime:0.000737s ]
INFO: [ app_end ] --START--
INFO: Run Behavior\ShowPageTraceBehavior [ RunTime:0.000645s ]
INFO: [ app_end ] --END-- [ RunTime:0.000951s ]

[ 2017-02-11T23:29:20+08:00 ] 110.85.197.91 /imoocnews/admin/menu/index
INFO: [ app_init ] --START--
INFO: Run Behavior\BuildLiteBehavior [ RunTime:0.000057s ]
INFO: [ app_init ] --END-- [ RunTime:0.000714s ]
INFO: [ app_begin ] --START--
INFO: Run Behavior\ReadHtmlCacheBehavior [ RunTime:0.000611s ]
INFO: Run Behavior\CronRunBehavior [ RunTime:0.000987s ]
INFO: [ app_begin ] --END-- [ RunTime:0.002073s ]
NOTIC: [2048] Declaration of Common\Model\MenuModel::find() should be compatible with that of Think\Model::find() E:\Myphp\imoocnews\Application\Common\Model\MenuModel.class.php 第 9 行.
SQL: SHOW COLUMNS FROM `cms_menu` [ RunTime:0.0016s ]
NOTIC: [8] Undefined index: p E:\Myphp\imoocnews\Application\Admin\Controller\MenuController.class.php 第 24 行.
NOTIC: [8] Undefined index: pagesize E:\Myphp\imoocnews\Application\Admin\Controller\MenuController.class.php 第 25 行.
SQL: SELECT * FROM `cms_menu` WHERE `status` <> -1 ORDER BY listorder desc,menu_id desc LIMIT 0,5   [ RunTime:0.0004s ]
SQL: SELECT COUNT(*) AS tp_count FROM `cms_menu` WHERE `status` <> -1 LIMIT 1   [ RunTime:0.0003s ]
INFO: [ view_parse ] --START--
INFO: [ template_filter ] --START--
INFO: Run Behavior\ContentReplaceBehavior [ RunTime:0.000190s ]
INFO: [ template_filter ] --END-- [ RunTime:0.000480s ]
SQL: SELECT * FROM `cms_menu` WHERE `status` <> -1 AND `type` = 1 ORDER BY listorder desc,menu_id desc  [ RunTime:0.0004s ]
NOTIC: [8] Use of undefined constant admin - assumed 'admin' E:\Myphp\imoocnews\Application\Runtime\Cache\Admin\b956215329b6f9aca22277599a4efdfc.php 第 24 行.
NOTIC: [8] Use of undefined constant admin - assumed 'admin' E:\Myphp\imoocnews\Application\Runtime\Cache\Admin\b956215329b6f9aca22277599a4efdfc.php 第 24 行.
NOTIC: [8] Use of undefined constant admin - assumed 'admin' E:\Myphp\imoocnews\Application\Runtime\Cache\Admin\b956215329b6f9aca22277599a4efdfc.php 第 24 行.
NOTIC: [8] Use of undefined constant admin - assumed 'admin' E:\Myphp\imoocnews\Application\Runtime\Cache\Admin\b956215329b6f9aca22277599a4efdfc.php 第 24 行.
NOTIC: [8] Use of undefined constant admin - assumed 'admin' E:\Myphp\imoocnews\Application\Runtime\Cache\Admin\b956215329b6f9aca22277599a4efdfc.php 第 24 行.
NOTIC: [8] Use of undefined constant admin - assumed 'admin' E:\Myphp\imoocnews\Application\Runtime\Cache\Admin\b956215329b6f9aca22277599a4efdfc.php 第 24 行.
INFO: Run Behavior\ParseTemplateBehavior [ RunTime:0.026634s ]
INFO: [ view_parse ] --END-- [ RunTime:0.026920s ]
INFO: [ view_filter ] --START--
INFO: Run Behavior\WriteHtmlCacheBehavior [ RunTime:0.000440s ]
INFO: [ view_filter ] --END-- [ RunTime:0.000728s ]
INFO: [ app_end ] --START--
INFO: Run Behavior\ShowPageTraceBehavior [ RunTime:0.000656s ]
INFO: [ app_end ] --END-- [ RunTime:0.000930s ]

[ 2017-02-11T23:29:23+08:00 ] 112.65.193.13 /imoocnews/admin.php/admin/index/index
INFO: [ app_init ] --START--
INFO: Run Behavior\BuildLiteBehavior [ RunTime:0.000058s ]
INFO: [ app_init ] --END-- [ RunTime:0.000674s ]
INFO: [ app_begin ] --START--
INFO: Run Behavior\ReadHtmlCacheBehavior [ RunTime:0.000641s ]
INFO: Run Behavior\CronRunBehavior [ RunTime:0.001034s ]
INFO: [ app_begin ] --END-- [ RunTime:0.002134s ]

[ 2017-02-11T23:29:23+08:00 ] 112.65.193.13 /imoocnews/admin/login/index.html
INFO: [ app_init ] --START--
INFO: Run Behavior\BuildLiteBehavior [ RunTime:0.000057s ]
INFO: [ app_init ] --END-- [ RunTime:0.000734s ]
INFO: [ app_begin ] --START--
INFO: Run Behavior\ReadHtmlCacheBehavior [ RunTime:0.000663s ]
INFO: Run Behavior\CronRunBehavior [ RunTime:0.001011s ]
INFO: [ app_begin ] --END-- [ RunTime:0.002165s ]
INFO: [ view_parse ] --START--
INFO: [ template_filter ] --START--
INFO: Run Behavior\ContentReplaceBehavior [ RunTime:0.000136s ]
INFO: [ template_filter ] --END-- [ RunTime:0.000416s ]
INFO: Run Behavior\ParseTemplateBehavior [ RunTime:0.008581s ]
INFO: [ view_parse ] --END-- [ RunTime:0.008865s ]
INFO: [ view_filter ] --START--
INFO: Run Behavior\WriteHtmlCacheBehavior [ RunTime:0.000468s ]
INFO: [ view_filter ] --END-- [ RunTime:0.000752s ]
INFO: [ app_end ] --START--
INFO: Run Behavior\ShowPageTraceBehavior [ RunTime:0.000665s ]
INFO: [ app_end ] --END-- [ RunTime:0.001057s ]

[ 2017-02-11T23:29:25+08:00 ] 110.85.197.91 /imoocnews/admin/position/index
INFO: [ app_init ] --START--
INFO: Run Behavior\BuildLiteBehavior [ RunTime:0.000056s ]
INFO: [ app_init ] --END-- [ RunTime:0.000646s ]
INFO: [ app_begin ] --START--
INFO: Run Behavior\ReadHtmlCacheBehavior [ RunTime:0.000618s ]
INFO: Run Behavior\CronRunBehavior [ RunTime:0.000964s ]
INFO: [ app_begin ] --END-- [ RunTime:0.002060s ]
NOTIC: [8] Undefined index: p E:\Myphp\imoocnews\Application\Admin\Controller\PositionController.class.php 第 14 行.
NOTIC: [8] Undefined index: pagesize E:\Myphp\imoocnews\Application\Admin\Controller\PositionController.class.php 第 15 行.
NOTIC: [2048] Declaration of Common\Model\PositionModel::find() should be compatible with that of Think\Model::find() E:\Myphp\imoocnews\Application\Common\Model\PositionModel.class.php 第 5 行.
SQL: SHOW COLUMNS FROM `cms_position` [ RunTime:0.0016s ]
SQL: SELECT * FROM `cms_position` WHERE `status` <> -1 ORDER BY id desc LIMIT 0,5   [ RunTime:0.0003s ]
SQL: SELECT COUNT(*) AS tp_count FROM `cms_position` WHERE `status` <> -1 LIMIT 1   [ RunTime:0.0002s ]
INFO: [ view_parse ] --START--
INFO: [ template_filter ] --START--
INFO: Run Behavior\ContentReplaceBehavior [ RunTime:0.000163s ]
INFO: [ template_filter ] --END-- [ RunTime:0.000477s ]
NOTIC: [2048] Declaration of Common\Model\MenuModel::find() should be compatible with that of Think\Model::find() E:\Myphp\imoocnews\Application\Common\Model\MenuModel.class.php 第 97 行.
SQL: SHOW COLUMNS FROM `cms_menu` [ RunTime:0.0015s ]
SQL: SELECT * FROM `cms_menu` WHERE `status` <> -1 AND `type` = 1 ORDER BY listorder desc,menu_id desc  [ RunTime:0.0003s ]
NOTIC: [8] Use of undefined constant admin - assumed 'admin' E:\Myphp\imoocnews\Application\Runtime\Cache\Admin\3a437f75b5b60a521a3ad0fc93a5ab5f.php 第 24 行.
NOTIC: [8] Use of undefined constant admin - assumed 'admin' E:\Myphp\imoocnews\Application\Runtime\Cache\Admin\3a437f75b5b60a521a3ad0fc93a5ab5f.php 第 24 行.
NOTIC: [8] Use of undefined constant admin - assumed 'admin' E:\Myphp\imoocnews\Application\Runtime\Cache\Admin\3a437f75b5b60a521a3ad0fc93a5ab5f.php 第 24 行.
NOTIC: [8] Use of undefined constant admin - assumed 'admin' E:\Myphp\imoocnews\Application\Runtime\Cache\Admin\3a437f75b5b60a521a3ad0fc93a5ab5f.php 第 24 行.
NOTIC: [8] Use of undefined constant admin - assumed 'admin' E:\Myphp\imoocnews\Application\Runtime\Cache\Admin\3a437f75b5b60a521a3ad0fc93a5ab5f.php 第 24 行.
NOTIC: [8] Use of undefined constant admin - assumed 'admin' E:\Myphp\imoocnews\Application\Runtime\Cache\Admin\3a437f75b5b60a521a3ad0fc93a5ab5f.php 第 24 行.
INFO: Run Behavior\ParseTemplateBehavior [ RunTime:0.027157s ]
INFO: [ view_parse ] --END-- [ RunTime:0.027442s ]
INFO: [ view_filter ] --START--
INFO: Run Behavior\WriteHtmlCacheBehavior [ RunTime:0.000430s ]
INFO: [ view_filter ] --END-- [ RunTime:0.000702s ]
INFO: [ app_end ] --START--
INFO: Run Behavior\ShowPageTraceBehavior [ RunTime:0.000628s ]
INFO: [ app_end ] --END-- [ RunTime:0.000911s ]

[ 2017-02-11T23:29:25+08:00 ] 183.57.53.222 /imoocnews/admin/position/index
INFO: [ app_init ] --START--
INFO: Run Behavior\BuildLiteBehavior [ RunTime:0.000056s ]
INFO: [ app_init ] --END-- [ RunTime:0.000663s ]
INFO: [ app_begin ] --START--
INFO: Run Behavior\ReadHtmlCacheBehavior [ RunTime:0.000664s ]
INFO: Run Behavior\CronRunBehavior [ RunTime:0.000958s ]
INFO: [ app_begin ] --END-- [ RunTime:0.002078s ]

[ 2017-02-11T23:29:26+08:00 ] 183.57.53.222 /imoocnews/admin/login/index.html
INFO: [ app_init ] --START--
INFO: Run Behavior\BuildLiteBehavior [ RunTime:0.000069s ]
INFO: [ app_init ] --END-- [ RunTime:0.000659s ]
INFO: [ app_begin ] --START--
INFO: Run Behavior\ReadHtmlCacheBehavior [ RunTime:0.000629s ]
INFO: Run Behavior\CronRunBehavior [ RunTime:0.000905s ]
INFO: [ app_begin ] --END-- [ RunTime:0.001978s ]
INFO: [ view_parse ] --START--
INFO: [ template_filter ] --START--
INFO: Run Behavior\ContentReplaceBehavior [ RunTime:0.000136s ]
INFO: [ template_filter ] --END-- [ RunTime:0.000412s ]
INFO: Run Behavior\ParseTemplateBehavior [ RunTime:0.008109s ]
INFO: [ view_parse ] --END-- [ RunTime:0.008392s ]
INFO: [ view_filter ] --START--
INFO: Run Behavior\WriteHtmlCacheBehavior [ RunTime:0.000440s ]
INFO: [ view_filter ] --END-- [ RunTime:0.000708s ]
INFO: [ app_end ] --START--
INFO: Run Behavior\ShowPageTraceBehavior [ RunTime:0.000656s ]
INFO: [ app_end ] --END-- [ RunTime:0.000931s ]

[ 2017-02-11T23:29:28+08:00 ] 110.85.197.91 /imoocnews/admin/positioncontent/index
INFO: [ app_init ] --START--
INFO: Run Behavior\BuildLiteBehavior [ RunTime:0.000055s ]
INFO: [ app_init ] --END-- [ RunTime:0.000648s ]
INFO: [ app_begin ] --START--
INFO: Run Behavior\ReadHtmlCacheBehavior [ RunTime:0.000651s ]
INFO: Run Behavior\CronRunBehavior [ RunTime:0.001005s ]
INFO: [ app_begin ] --END-- [ RunTime:0.002101s ]
NOTIC: [8] Undefined index: p E:\Myphp\imoocnews\Application\Admin\Controller\PositioncontentController.class.php 第 21 行.
NOTIC: [8] Undefined index: pagesize E:\Myphp\imoocnews\Application\Admin\Controller\PositioncontentController.class.php 第 22 行.
NOTIC: [2048] Declaration of Common\Model\PositionContentModel::find() should be compatible with that of Think\Model::find() E:\Myphp\imoocnews\Application\Common\Model\PositionContentModel.class.php 第 9 行.
SQL: SHOW COLUMNS FROM `cms_position_content` [ RunTime:0.0017s ]
NOTIC: [8] Undefined index: title E:\Myphp\imoocnews\Application\Common\Model\PositionContentModel.class.php 第 37 行.
SQL: SELECT * FROM `cms_position_content` WHERE `status` <> -1 ORDER BY listorder desc,id desc LIMIT 0,5   [ RunTime:0.0004s ]
SQL: SELECT COUNT(*) AS tp_count FROM `cms_position_content` WHERE `status` <> -1 LIMIT 1   [ RunTime:0.0003s ]
SQL: SHOW COLUMNS FROM `cms_position` [ RunTime:0.0014s ]
SQL: SELECT * FROM `cms_position` WHERE ( status != -1 )  [ RunTime:0.0003s ]
INFO: [ view_parse ] --START--
INFO: [ template_filter ] --START--
INFO: Run Behavior\ContentReplaceBehavior [ RunTime:0.000176s ]
INFO: [ template_filter ] --END-- [ RunTime:0.000459s ]
NOTIC: [2048] Declaration of Common\Model\MenuModel::find() should be compatible with that of Think\Model::find() E:\Myphp\imoocnews\Application\Common\Model\MenuModel.class.php 第 97 行.
SQL: SHOW COLUMNS FROM `cms_menu` [ RunTime:0.0016s ]
SQL: SELECT * FROM `cms_menu` WHERE `status` <> -1 AND `type` = 1 ORDER BY listorder desc,menu_id desc  [ RunTime:0.0004s ]
NOTIC: [8] Use of undefined constant admin - assumed 'admin' E:\Myphp\imoocnews\Application\Runtime\Cache\Admin\b8a8b9d170e6c07d7b463ea02385894d.php 第 24 行.
NOTIC: [8] Use of undefined constant admin - assumed 'admin' E:\Myphp\imoocnews\Application\Runtime\Cache\Admin\b8a8b9d170e6c07d7b463ea02385894d.php 第 24 行.
NOTIC: [8] Use of undefined constant admin - assumed 'admin' E:\Myphp\imoocnews\Application\Runtime\Cache\Admin\b8a8b9d170e6c07d7b463ea02385894d.php 第 24 行.
NOTIC: [8] Use of undefined constant admin - assumed 'admin' E:\Myphp\imoocnews\Application\Runtime\Cache\Admin\b8a8b9d170e6c07d7b463ea02385894d.php 第 24 行.
NOTIC: [8] Use of undefined constant admin - assumed 'admin' E:\Myphp\imoocnews\Application\Runtime\Cache\Admin\b8a8b9d170e6c07d7b463ea02385894d.php 第 24 行.
NOTIC: [8] Use of undefined constant admin - assumed 'admin' E:\Myphp\imoocnews\Application\Runtime\Cache\Admin\b8a8b9d170e6c07d7b463ea02385894d.php 第 24 行.
NOTIC: [8] Undefined variable: positionId E:\Myphp\imoocnews\Application\Runtime\Cache\Admin\b8a8b9d170e6c07d7b463ea02385894d.php 第 65 行.
NOTIC: [8] Undefined variable: positionId E:\Myphp\imoocnews\Application\Runtime\Cache\Admin\b8a8b9d170e6c07d7b463ea02385894d.php 第 65 行.
NOTIC: [8] Undefined variable: positionId E:\Myphp\imoocnews\Application\Runtime\Cache\Admin\b8a8b9d170e6c07d7b463ea02385894d.php 第 65 行.
NOTIC: [8] Undefined variable: title E:\Myphp\imoocnews\Application\Runtime\Cache\Admin\b8a8b9d170e6c07d7b463ea02385894d.php 第 71 行.
INFO: Run Behavior\ParseTemplateBehavior [ RunTime:0.032338s ]
INFO: [ view_parse ] --END-- [ RunTime:0.032620s ]
INFO: [ view_filter ] --START--
INFO: Run Behavior\WriteHtmlCacheBehavior [ RunTime:0.000443s ]
INFO: [ view_filter ] --END-- [ RunTime:0.000755s ]
INFO: [ app_end ] --START--
INFO: Run Behavior\ShowPageTraceBehavior [ RunTime:0.000694s ]
INFO: [ app_end ] --END-- [ RunTime:0.000984s ]

[ 2017-02-11T23:29:30+08:00 ] 180.153.201.79 /imoocnews/admin/menu/index
INFO: [ app_init ] --START--
INFO: Run Behavior\BuildLiteBehavior [ RunTime:0.000056s ]
INFO: [ app_init ] --END-- [ RunTime:0.000655s ]
INFO: [ app_begin ] --START--
INFO: Run Behavior\ReadHtmlCacheBehavior [ RunTime:0.000639s ]
INFO: Run Behavior\CronRunBehavior [ RunTime:0.000971s ]
INFO: [ app_begin ] --END-- [ RunTime:0.002084s ]

[ 2017-02-11T23:29:30+08:00 ] 140.207.185.109 /imoocnews/admin/menu/index
INFO: [ app_init ] --START--
INFO: Run Behavior\BuildLiteBehavior [ RunTime:0.000063s ]
INFO: [ app_init ] --END-- [ RunTime:0.000699s ]
INFO: [ app_begin ] --START--
INFO: Run Behavior\ReadHtmlCacheBehavior [ RunTime:0.000628s ]
INFO: Run Behavior\CronRunBehavior [ RunTime:0.000980s ]
INFO: [ app_begin ] --END-- [ RunTime:0.002062s ]

[ 2017-02-11T23:29:30+08:00 ] 101.226.89.116 /imoocnews/admin/menu/index
INFO: [ app_init ] --START--
INFO: Run Behavior\BuildLiteBehavior [ RunTime:0.000056s ]
INFO: [ app_init ] --END-- [ RunTime:0.000661s ]
INFO: [ app_begin ] --START--
INFO: Run Behavior\ReadHtmlCacheBehavior [ RunTime:0.000637s ]
INFO: Run Behavior\CronRunBehavior [ RunTime:0.000955s ]
INFO: [ app_begin ] --END-- [ RunTime:0.002055s ]

[ 2017-02-11T23:29:30+08:00 ] 101.226.65.104 /imoocnews/admin/menu/index
INFO: [ app_init ] --START--
INFO: Run Behavior\BuildLiteBehavior [ RunTime:0.000055s ]
INFO: [ app_init ] --END-- [ RunTime:0.000639s ]
INFO: [ app_begin ] --START--
INFO: Run Behavior\ReadHtmlCacheBehavior [ RunTime:0.000658s ]
INFO: Run Behavior\CronRunBehavior [ RunTime:0.000963s ]
INFO: [ app_begin ] --END-- [ RunTime:0.002108s ]

[ 2017-02-11T23:29:30+08:00 ] 180.153.201.79 /imoocnews/admin/login/index.html
INFO: [ app_init ] --START--
INFO: Run Behavior\BuildLiteBehavior [ RunTime:0.000056s ]
INFO: [ app_init ] --END-- [ RunTime:0.000652s ]
INFO: [ app_begin ] --START--
INFO: Run Behavior\ReadHtmlCacheBehavior [ RunTime:0.000640s ]
INFO: Run Behavior\CronRunBehavior [ RunTime:0.000970s ]
INFO: [ app_begin ] --END-- [ RunTime:0.002080s ]
INFO: [ view_parse ] --START--
INFO: [ template_filter ] --START--
INFO: Run Behavior\ContentReplaceBehavior [ RunTime:0.000137s ]
INFO: [ template_filter ] --END-- [ RunTime:0.000447s ]
INFO: Run Behavior\ParseTemplateBehavior [ RunTime:0.008221s ]
INFO: [ view_parse ] --END-- [ RunTime:0.008555s ]
INFO: [ view_filter ] --START--
INFO: Run Behavior\WriteHtmlCacheBehavior [ RunTime:0.000439s ]
INFO: [ view_filter ] --END-- [ RunTime:0.000719s ]
INFO: [ app_end ] --START--
INFO: Run Behavior\ShowPageTraceBehavior [ RunTime:0.000650s ]
INFO: [ app_end ] --END-- [ RunTime:0.000927s ]

[ 2017-02-11T23:29:30+08:00 ] 140.207.185.109 /imoocnews/admin/login/index.html
INFO: [ app_init ] --START--
INFO: Run Behavior\BuildLiteBehavior [ RunTime:0.000081s ]
INFO: [ app_init ] --END-- [ RunTime:0.000732s ]
INFO: [ app_begin ] --START--
INFO: Run Behavior\ReadHtmlCacheBehavior [ RunTime:0.000661s ]
INFO: Run Behavior\CronRunBehavior [ RunTime:0.000949s ]
INFO: [ app_begin ] --END-- [ RunTime:0.002053s ]
INFO: [ view_parse ] --START--
INFO: [ template_filter ] --START--
INFO: Run Behavior\ContentReplaceBehavior [ RunTime:0.000142s ]
INFO: [ template_filter ] --END-- [ RunTime:0.000434s ]
INFO: Run Behavior\ParseTemplateBehavior [ RunTime:0.008134s ]
INFO: [ view_parse ] --END-- [ RunTime:0.008426s ]
INFO: [ view_filter ] --START--
INFO: Run Behavior\WriteHtmlCacheBehavior [ RunTime:0.000482s ]
INFO: [ view_filter ] --END-- [ RunTime:0.000763s ]
INFO: [ app_end ] --START--
INFO: Run Behavior\ShowPageTraceBehavior [ RunTime:0.000651s ]
INFO: [ app_end ] --END-- [ RunTime:0.000931s ]

[ 2017-02-11T23:29:30+08:00 ] 101.226.89.116 /imoocnews/admin/login/index.html
INFO: [ app_init ] --START--
INFO: Run Behavior\BuildLiteBehavior [ RunTime:0.000055s ]
INFO: [ app_init ] --END-- [ RunTime:0.000649s ]
INFO: [ app_begin ] --START--
INFO: Run Behavior\ReadHtmlCacheBehavior [ RunTime:0.000640s ]
INFO: Run Behavior\CronRunBehavior [ RunTime:0.000940s ]
INFO: [ app_begin ] --END-- [ RunTime:0.002054s ]
INFO: [ view_parse ] --START--
INFO: [ template_filter ] --START--
INFO: Run Behavior\ContentReplaceBehavior [ RunTime:0.000134s ]
INFO: [ template_filter ] --END-- [ RunTime:0.000417s ]
INFO: Run Behavior\ParseTemplateBehavior [ RunTime:0.008537s ]
INFO: [ view_parse ] --END-- [ RunTime:0.008924s ]
INFO: [ view_filter ] --START--
INFO: Run Behavior\WriteHtmlCacheBehavior [ RunTime:0.000445s ]
INFO: [ view_filter ] --END-- [ RunTime:0.000745s ]
INFO: [ app_end ] --START--
INFO: Run Behavior\ShowPageTraceBehavior [ RunTime:0.000662s ]
INFO: [ app_end ] --END-- [ RunTime:0.000982s ]

[ 2017-02-11T23:29:30+08:00 ] 101.226.65.104 /imoocnews/admin/login/index.html
INFO: [ app_init ] --START--
INFO: Run Behavior\BuildLiteBehavior [ RunTime:0.000055s ]
INFO: [ app_init ] --END-- [ RunTime:0.000744s ]
INFO: [ app_begin ] --START--
INFO: Run Behavior\ReadHtmlCacheBehavior [ RunTime:0.000650s ]
INFO: Run Behavior\CronRunBehavior [ RunTime:0.000969s ]
INFO: [ app_begin ] --END-- [ RunTime:0.002064s ]
INFO: [ view_parse ] --START--
INFO: [ template_filter ] --START--
INFO: Run Behavior\ContentReplaceBehavior [ RunTime:0.000135s ]
INFO: [ template_filter ] --END-- [ RunTime:0.000425s ]
INFO: Run Behavior\ParseTemplateBehavior [ RunTime:0.008359s ]
INFO: [ view_parse ] --END-- [ RunTime:0.008654s ]
INFO: [ view_filter ] --START--
INFO: Run Behavior\WriteHtmlCacheBehavior [ RunTime:0.000438s ]
INFO: [ view_filter ] --END-- [ RunTime:0.000742s ]
INFO: [ app_end ] --START--
INFO: Run Behavior\ShowPageTraceBehavior [ RunTime:0.000662s ]
INFO: [ app_end ] --END-- [ RunTime:0.000970s ]

[ 2017-02-11T23:29:34+08:00 ] 110.85.197.91 /imoocnews/admin/admin/index
INFO: [ app_init ] --START--
INFO: Run Behavior\BuildLiteBehavior [ RunTime:0.000056s ]
INFO: [ app_init ] --END-- [ RunTime:0.000647s ]
INFO: [ app_begin ] --START--
INFO: Run Behavior\ReadHtmlCacheBehavior [ RunTime:0.000613s ]
INFO: Run Behavior\CronRunBehavior [ RunTime:0.000978s ]
INFO: [ app_begin ] --END-- [ RunTime:0.002032s ]
NOTIC: [8] Undefined index: p E:\Myphp\imoocnews\Application\Admin\Controller\AdminController.class.php 第 14 行.
NOTIC: [8] Undefined index: pagesize E:\Myphp\imoocnews\Application\Admin\Controller\AdminController.class.php 第 15 行.
NOTIC: [2048] Declaration of Common\Model\AdminModel::find() should be compatible with that of Think\Model::find() E:\Myphp\imoocnews\Application\Common\Model\AdminModel.class.php 第 9 行.
SQL: SHOW COLUMNS FROM `cms_admin` [ RunTime:0.0016s ]
SQL: SELECT * FROM `cms_admin` WHERE `status` <> -1 ORDER BY lastlogintime desc,admin_id desc LIMIT 0,5   [ RunTime:0.0004s ]
SQL: SELECT COUNT(*) AS tp_count FROM `cms_admin` WHERE `status` <> -1 LIMIT 1   [ RunTime:0.0002s ]
INFO: [ view_parse ] --START--
INFO: [ template_filter ] --START--
INFO: Run Behavior\ContentReplaceBehavior [ RunTime:0.000176s ]
INFO: [ template_filter ] --END-- [ RunTime:0.000454s ]
NOTIC: [2048] Declaration of Common\Model\MenuModel::find() should be compatible with that of Think\Model::find() E:\Myphp\imoocnews\Application\Common\Model\MenuModel.class.php 第 97 行.
SQL: SHOW COLUMNS FROM `cms_menu` [ RunTime:0.0016s ]
SQL: SELECT * FROM `cms_menu` WHERE `status` <> -1 AND `type` = 1 ORDER BY listorder desc,menu_id desc  [ RunTime:0.0003s ]
NOTIC: [8] Use of undefined constant admin - assumed 'admin' E:\Myphp\imoocnews\Application\Runtime\Cache\Admin\b682812e058c4f7cab74d08ab9eabe11.php 第 24 行.
NOTIC: [8] Use of undefined constant admin - assumed 'admin' E:\Myphp\imoocnews\Application\Runtime\Cache\Admin\b682812e058c4f7cab74d08ab9eabe11.php 第 24 行.
NOTIC: [8] Use of undefined constant admin - assumed 'admin' E:\Myphp\imoocnews\Application\Runtime\Cache\Admin\b682812e058c4f7cab74d08ab9eabe11.php 第 24 行.
NOTIC: [8] Use of undefined constant admin - assumed 'admin' E:\Myphp\imoocnews\Application\Runtime\Cache\Admin\b682812e058c4f7cab74d08ab9eabe11.php 第 24 行.
NOTIC: [8] Use of undefined constant admin - assumed 'admin' E:\Myphp\imoocnews\Application\Runtime\Cache\Admin\b682812e058c4f7cab74d08ab9eabe11.php 第 24 行.
NOTIC: [8] Use of undefined constant admin - assumed 'admin' E:\Myphp\imoocnews\Application\Runtime\Cache\Admin\b682812e058c4f7cab74d08ab9eabe11.php 第 24 行.
INFO: Run Behavior\ParseTemplateBehavior [ RunTime:0.027923s ]
INFO: [ view_parse ] --END-- [ RunTime:0.028232s ]
INFO: [ view_filter ] --START--
INFO: Run Behavior\WriteHtmlCacheBehavior [ RunTime:0.000431s ]
INFO: [ view_filter ] --END-- [ RunTime:0.000700s ]
INFO: [ app_end ] --START--
INFO: Run Behavior\ShowPageTraceBehavior [ RunTime:0.000635s ]
INFO: [ app_end ] --END-- [ RunTime:0.000941s ]

[ 2017-02-11T23:29:35+08:00 ] 180.163.2.117 /imoocnews/admin/position/index
INFO: [ app_init ] --START--
INFO: Run Behavior\BuildLiteBehavior [ RunTime:0.000057s ]
INFO: [ app_init ] --END-- [ RunTime:0.000652s ]
INFO: [ app_begin ] --START--
INFO: Run Behavior\ReadHtmlCacheBehavior [ RunTime:0.000656s ]
INFO: Run Behavior\CronRunBehavior [ RunTime:0.001003s ]
INFO: [ app_begin ] --END-- [ RunTime:0.002137s ]

[ 2017-02-11T23:29:35+08:00 ] 180.163.2.117 /imoocnews/admin/login/index.html
INFO: [ app_init ] --START--
INFO: Run Behavior\BuildLiteBehavior [ RunTime:0.000059s ]
INFO: [ app_init ] --END-- [ RunTime:0.000724s ]
INFO: [ app_begin ] --START--
INFO: Run Behavior\ReadHtmlCacheBehavior [ RunTime:0.000677s ]
INFO: Run Behavior\CronRunBehavior [ RunTime:0.001012s ]
INFO: [ app_begin ] --END-- [ RunTime:0.002132s ]
INFO: [ view_parse ] --START--
INFO: [ template_filter ] --START--
INFO: Run Behavior\ContentReplaceBehavior [ RunTime:0.000143s ]
INFO: [ template_filter ] --END-- [ RunTime:0.000423s ]
INFO: Run Behavior\ParseTemplateBehavior [ RunTime:0.008887s ]
INFO: [ view_parse ] --END-- [ RunTime:0.009193s ]
INFO: [ view_filter ] --START--
INFO: Run Behavior\WriteHtmlCacheBehavior [ RunTime:0.000441s ]
INFO: [ view_filter ] --END-- [ RunTime:0.000716s ]
INFO: [ app_end ] --START--
INFO: Run Behavior\ShowPageTraceBehavior [ RunTime:0.000750s ]
INFO: [ app_end ] --END-- [ RunTime:0.001176s ]

[ 2017-02-11T23:29:35+08:00 ] 119.147.207.158 /imoocnews/admin/admin/index
INFO: [ app_init ] --START--
INFO: Run Behavior\BuildLiteBehavior [ RunTime:0.000057s ]
INFO: [ app_init ] --END-- [ RunTime:0.000732s ]
INFO: [ app_begin ] --START--
INFO: Run Behavior\ReadHtmlCacheBehavior [ RunTime:0.000738s ]
INFO: Run Behavior\CronRunBehavior [ RunTime:0.001179s ]
INFO: [ app_begin ] --END-- [ RunTime:0.002468s ]

[ 2017-02-11T23:29:35+08:00 ] 119.147.207.158 /imoocnews/admin/login/index.html
INFO: [ app_init ] --START--
INFO: Run Behavior\BuildLiteBehavior [ RunTime:0.000088s ]
INFO: [ app_init ] --END-- [ RunTime:0.000792s ]
INFO: [ app_begin ] --START--
INFO: Run Behavior\ReadHtmlCacheBehavior [ RunTime:0.000662s ]
INFO: Run Behavior\CronRunBehavior [ RunTime:0.001038s ]
INFO: [ app_begin ] --END-- [ RunTime:0.002220s ]
INFO: [ view_parse ] --START--
INFO: [ template_filter ] --START--
INFO: Run Behavior\ContentReplaceBehavior [ RunTime:0.000188s ]
INFO: [ template_filter ] --END-- [ RunTime:0.000551s ]
INFO: Run Behavior\ParseTemplateBehavior [ RunTime:0.009617s ]
INFO: [ view_parse ] --END-- [ RunTime:0.009906s ]
INFO: [ view_filter ] --START--
INFO: Run Behavior\WriteHtmlCacheBehavior [ RunTime:0.000669s ]
INFO: [ view_filter ] --END-- [ RunTime:0.001107s ]
INFO: [ app_end ] --START--
INFO: Run Behavior\ShowPageTraceBehavior [ RunTime:0.001094s ]
INFO: [ app_end ] --END-- [ RunTime:0.001559s ]

[ 2017-02-11T23:29:36+08:00 ] 101.226.89.116 /imoocnews/admin/login/index.html
INFO: [ app_init ] --START--
INFO: Run Behavior\BuildLiteBehavior [ RunTime:0.000065s ]
INFO: [ app_init ] --END-- [ RunTime:0.000659s ]
INFO: [ app_begin ] --START--
INFO: Run Behavior\ReadHtmlCacheBehavior [ RunTime:0.000635s ]
INFO: Run Behavior\CronRunBehavior [ RunTime:0.001003s ]
INFO: [ app_begin ] --END-- [ RunTime:0.002085s ]
INFO: [ view_parse ] --START--
INFO: [ template_filter ] --START--
INFO: Run Behavior\ContentReplaceBehavior [ RunTime:0.000148s ]
INFO: [ template_filter ] --END-- [ RunTime:0.000462s ]
INFO: Run Behavior\ParseTemplateBehavior [ RunTime:0.008215s ]
INFO: [ view_parse ] --END-- [ RunTime:0.008512s ]
INFO: [ view_filter ] --START--
INFO: Run Behavior\WriteHtmlCacheBehavior [ RunTime:0.000420s ]
INFO: [ view_filter ] --END-- [ RunTime:0.001028s ]
INFO: [ app_end ] --START--
INFO: Run Behavior\ShowPageTraceBehavior [ RunTime:0.000664s ]
INFO: [ app_end ] --END-- [ RunTime:0.000942s ]

[ 2017-02-11T23:29:38+08:00 ] 180.153.205.254 /imoocnews/admin/positioncontent/index
INFO: [ app_init ] --START--
INFO: Run Behavior\BuildLiteBehavior [ RunTime:0.000057s ]
INFO: [ app_init ] --END-- [ RunTime:0.000672s ]
INFO: [ app_begin ] --START--
INFO: Run Behavior\ReadHtmlCacheBehavior [ RunTime:0.000626s ]
INFO: Run Behavior\CronRunBehavior [ RunTime:0.000973s ]
INFO: [ app_begin ] --END-- [ RunTime:0.002072s ]

[ 2017-02-11T23:29:38+08:00 ] 180.153.205.254 /imoocnews/admin/login/index.html
INFO: [ app_init ] --START--
INFO: Run Behavior\BuildLiteBehavior [ RunTime:0.000056s ]
INFO: [ app_init ] --END-- [ RunTime:0.000644s ]
INFO: [ app_begin ] --START--
INFO: Run Behavior\ReadHtmlCacheBehavior [ RunTime:0.000679s ]
INFO: Run Behavior\CronRunBehavior [ RunTime:0.000951s ]
INFO: [ app_begin ] --END-- [ RunTime:0.002077s ]
INFO: [ view_parse ] --START--
INFO: [ template_filter ] --START--
INFO: Run Behavior\ContentReplaceBehavior [ RunTime:0.000219s ]
INFO: [ template_filter ] --END-- [ RunTime:0.000508s ]
INFO: Run Behavior\ParseTemplateBehavior [ RunTime:0.009327s ]
INFO: [ view_parse ] --END-- [ RunTime:0.009615s ]
INFO: [ view_filter ] --START--
INFO: Run Behavior\WriteHtmlCacheBehavior [ RunTime:0.000421s ]
INFO: [ view_filter ] --END-- [ RunTime:0.000713s ]
INFO: [ app_end ] --START--
INFO: Run Behavior\ShowPageTraceBehavior [ RunTime:0.000648s ]
INFO: [ app_end ] --END-- [ RunTime:0.000926s ]

[ 2017-02-11T23:29:39+08:00 ] 110.85.197.91 /imoocnews/admin/index/index
INFO: [ app_init ] --START--
INFO: Run Behavior\BuildLiteBehavior [ RunTime:0.000056s ]
INFO: [ app_init ] --END-- [ RunTime:0.000654s ]
INFO: [ app_begin ] --START--
INFO: Run Behavior\ReadHtmlCacheBehavior [ RunTime:0.000617s ]
INFO: Run Behavior\CronRunBehavior [ RunTime:0.001016s ]
INFO: [ app_begin ] --END-- [ RunTime:0.002116s ]
NOTIC: [2048] Declaration of Common\Model\NewsModel::save() should be compatible with that of Think\Model::save() E:\Myphp\imoocnews\Application\Common\Model\NewsModel.class.php 第 10 行.
NOTIC: [2048] Declaration of Common\Model\NewsModel::find() should be compatible with that of Think\Model::find() E:\Myphp\imoocnews\Application\Common\Model\NewsModel.class.php 第 10 行.
SQL: SHOW COLUMNS FROM `cms_news` [ RunTime:0.0018s ]
SQL: SELECT * FROM `cms_news` WHERE `status` = 1 ORDER BY count desc LIMIT 1   [ RunTime:0.0004s ]
NOTIC: [8] Undefined index: title E:\Myphp\imoocnews\Application\Common\Model\NewsModel.class.php 第 48 行.
NOTIC: [8] Undefined index: catid E:\Myphp\imoocnews\Application\Common\Model\NewsModel.class.php 第 51 行.
SQL: SELECT COUNT(*) AS tp_count FROM `cms_news` WHERE `status` = 1 LIMIT 1   [ RunTime:0.0003s ]
NOTIC: [2048] Declaration of Common\Model\PositionModel::find() should be compatible with that of Think\Model::find() E:\Myphp\imoocnews\Application\Common\Model\PositionModel.class.php 第 60 行.
SQL: SHOW COLUMNS FROM `cms_position` [ RunTime:0.0016s ]
SQL: SELECT COUNT(*) AS tp_count FROM `cms_position` WHERE `status` = 1 LIMIT 1   [ RunTime:0.0003s ]
NOTIC: [2048] Declaration of Common\Model\AdminModel::find() should be compatible with that of Think\Model::find() E:\Myphp\imoocnews\Application\Common\Model\AdminModel.class.php 第 86 行.
SQL: SHOW COLUMNS FROM `cms_admin` [ RunTime:0.0014s ]
SQL: SELECT COUNT(*) AS tp_count FROM `cms_admin` WHERE `status` = 1 AND `lastlogintime` > 1486742400 LIMIT 1   [ RunTime:0.0003s ]
INFO: [ view_parse ] --START--
INFO: [ template_filter ] --START--
INFO: Run Behavior\ContentReplaceBehavior [ RunTime:0.000163s ]
INFO: [ template_filter ] --END-- [ RunTime:0.000440s ]
NOTIC: [2048] Declaration of Common\Model\MenuModel::find() should be compatible with that of Think\Model::find() E:\Myphp\imoocnews\Application\Common\Model\MenuModel.class.php 第 97 行.
SQL: SHOW COLUMNS FROM `cms_menu` [ RunTime:0.0016s ]
SQL: SELECT * FROM `cms_menu` WHERE `status` <> -1 AND `type` = 1 ORDER BY listorder desc,menu_id desc  [ RunTime:0.0003s ]
NOTIC: [8] Use of undefined constant admin - assumed 'admin' E:\Myphp\imoocnews\Application\Runtime\Cache\Admin\b595b808c2ebeeeb0478ffc30bb4e87a.php 第 24 行.
NOTIC: [8] Use of undefined constant admin - assumed 'admin' E:\Myphp\imoocnews\Application\Runtime\Cache\Admin\b595b808c2ebeeeb0478ffc30bb4e87a.php 第 24 行.
NOTIC: [8] Use of undefined constant admin - assumed 'admin' E:\Myphp\imoocnews\Application\Runtime\Cache\Admin\b595b808c2ebeeeb0478ffc30bb4e87a.php 第 24 行.
NOTIC: [8] Use of undefined constant admin - assumed 'admin' E:\Myphp\imoocnews\Application\Runtime\Cache\Admin\b595b808c2ebeeeb0478ffc30bb4e87a.php 第 24 行.
NOTIC: [8] Use of undefined constant admin - assumed 'admin' E:\Myphp\imoocnews\Application\Runtime\Cache\Admin\b595b808c2ebeeeb0478ffc30bb4e87a.php 第 24 行.
NOTIC: [8] Use of undefined constant admin - assumed 'admin' E:\Myphp\imoocnews\Application\Runtime\Cache\Admin\b595b808c2ebeeeb0478ffc30bb4e87a.php 第 24 行.
INFO: Run Behavior\ParseTemplateBehavior [ RunTime:0.023253s ]
INFO: [ view_parse ] --END-- [ RunTime:0.023545s ]
INFO: [ view_filter ] --START--
INFO: Run Behavior\WriteHtmlCacheBehavior [ RunTime:0.000435s ]
INFO: [ view_filter ] --END-- [ RunTime:0.000706s ]
INFO: [ app_end ] --START--
INFO: Run Behavior\ShowPageTraceBehavior [ RunTime:0.000651s ]
INFO: [ app_end ] --END-- [ RunTime:0.000979s ]

[ 2017-02-11T23:29:44+08:00 ] 61.151.218.119 /imoocnews/admin/admin/index
INFO: [ app_init ] --START--
INFO: Run Behavior\BuildLiteBehavior [ RunTime:0.000056s ]
INFO: [ app_init ] --END-- [ RunTime:0.000648s ]
INFO: [ app_begin ] --START--
INFO: Run Behavior\ReadHtmlCacheBehavior [ RunTime:0.000614s ]
INFO: Run Behavior\CronRunBehavior [ RunTime:0.000961s ]
INFO: [ app_begin ] --END-- [ RunTime:0.002056s ]

[ 2017-02-11T23:29:44+08:00 ] 61.151.218.119 /imoocnews/admin/login/index.html
INFO: [ app_init ] --START--
INFO: Run Behavior\BuildLiteBehavior [ RunTime:0.000055s ]
INFO: [ app_init ] --END-- [ RunTime:0.000647s ]
INFO: [ app_begin ] --START--
INFO: Run Behavior\ReadHtmlCacheBehavior [ RunTime:0.000631s ]
INFO: Run Behavior\CronRunBehavior [ RunTime:0.000951s ]
INFO: [ app_begin ] --END-- [ RunTime:0.002023s ]
INFO: [ view_parse ] --START--
INFO: [ template_filter ] --START--
INFO: Run Behavior\ContentReplaceBehavior [ RunTime:0.000143s ]
INFO: [ template_filter ] --END-- [ RunTime:0.000421s ]
INFO: Run Behavior\ParseTemplateBehavior [ RunTime:0.008151s ]
INFO: [ view_parse ] --END-- [ RunTime:0.008438s ]
INFO: [ view_filter ] --START--
INFO: Run Behavior\WriteHtmlCacheBehavior [ RunTime:0.000418s ]
INFO: [ view_filter ] --END-- [ RunTime:0.000695s ]
INFO: [ app_end ] --START--
INFO: Run Behavior\ShowPageTraceBehavior [ RunTime:0.000640s ]
INFO: [ app_end ] --END-- [ RunTime:0.000927s ]

[ 2017-02-11T23:29:49+08:00 ] 101.226.33.219 /imoocnews/admin/index/index
INFO: [ app_init ] --START--
INFO: Run Behavior\BuildLiteBehavior [ RunTime:0.000057s ]
INFO: [ app_init ] --END-- [ RunTime:0.000725s ]
INFO: [ app_begin ] --START--
INFO: Run Behavior\ReadHtmlCacheBehavior [ RunTime:0.000628s ]
INFO: Run Behavior\CronRunBehavior [ RunTime:0.001043s ]
INFO: [ app_begin ] --END-- [ RunTime:0.002202s ]

[ 2017-02-11T23:29:49+08:00 ] 101.226.33.219 /imoocnews/admin/login/index.html
INFO: [ app_init ] --START--
INFO: Run Behavior\BuildLiteBehavior [ RunTime:0.000055s ]
INFO: [ app_init ] --END-- [ RunTime:0.000662s ]
INFO: [ app_begin ] --START--
INFO: Run Behavior\ReadHtmlCacheBehavior [ RunTime:0.000712s ]
INFO: Run Behavior\CronRunBehavior [ RunTime:0.001003s ]
INFO: [ app_begin ] --END-- [ RunTime:0.002156s ]
INFO: [ view_parse ] --START--
INFO: [ template_filter ] --START--
INFO: Run Behavior\ContentReplaceBehavior [ RunTime:0.000136s ]
INFO: [ template_filter ] --END-- [ RunTime:0.000494s ]
INFO: Run Behavior\ParseTemplateBehavior [ RunTime:0.008592s ]
INFO: [ view_parse ] --END-- [ RunTime:0.008927s ]
INFO: [ view_filter ] --START--
INFO: Run Behavior\WriteHtmlCacheBehavior [ RunTime:0.000442s ]
INFO: [ view_filter ] --END-- [ RunTime:0.000768s ]
INFO: [ app_end ] --START--
INFO: Run Behavior\ShowPageTraceBehavior [ RunTime:0.000689s ]
INFO: [ app_end ] --END-- [ RunTime:0.000966s ]

