[ 2017-02-14T09:33:17+08:00 ] 218.5.203.66 /imoocnews/
ERR: Cron:cron Runat 2017-02-14 09:33:17 Use 0.068304 s

[ 2017-02-14T09:33:17+08:00 ] 218.5.203.66 /imoocnews/
INFO: [ app_init ] --START--
INFO: Run Behavior\BuildLiteBehavior [ RunTime:0.000056s ]
INFO: [ app_init ] --END-- [ RunTime:0.000655s ]
INFO: [ app_begin ] --START--
INFO: Run Behavior\ReadHtmlCacheBehavior [ RunTime:0.000662s ]
NOTIC: [2048] Declaration of Common\Model\BasicModel::save() should be compatible with that of Think\Model::save() E:\Myphp\imoocnews\Application\Common\Model\BasicModel.class.php 第 9 行.
NOTIC: [2048] Declaration of Common\Model\BasicModel::select() should be compatible with that of Think\Model::select() E:\Myphp\imoocnews\Application\Common\Model\BasicModel.class.php 第 9 行.
NOTIC: [2048] Declaration of Common\Model\PositionContentModel::find() should be compatible with that of Think\Model::find() E:\Myphp\imoocnews\Application\Common\Model\PositionContentModel.class.php 第 77 行.
SQL: SHOW COLUMNS FROM `cms_position_content` [ RunTime:0.0018s ]
NOTIC: [8] Undefined index: title E:\Myphp\imoocnews\Application\Common\Model\PositionContentModel.class.php 第 37 行.
SQL: SELECT * FROM `cms_position_content` WHERE `status` <> -1 AND `position_id` = 2 ORDER BY listorder desc,id desc LIMIT 0,20   [ RunTime:0.0004s ]
NOTIC: [8] Undefined index: title E:\Myphp\imoocnews\Application\Common\Model\PositionContentModel.class.php 第 37 行.
SQL: SELECT * FROM `cms_position_content` WHERE `status` <> -1 AND `position_id` = 3 ORDER BY listorder desc,id desc LIMIT 0,3   [ RunTime:0.0003s ]
NOTIC: [2048] Declaration of Common\Model\NewsModel::save() should be compatible with that of Think\Model::save() E:\Myphp\imoocnews\Application\Common\Model\NewsModel.class.php 第 119 行.
NOTIC: [2048] Declaration of Common\Model\NewsModel::find() should be compatible with that of Think\Model::find() E:\Myphp\imoocnews\Application\Common\Model\NewsModel.class.php 第 119 行.
SQL: SHOW COLUMNS FROM `cms_news` [ RunTime:0.0017s ]
NOTIC: [8] Undefined index: title E:\Myphp\imoocnews\Application\Common\Model\NewsModel.class.php 第 30 行.
NOTIC: [8] Undefined index: catid E:\Myphp\imoocnews\Application\Common\Model\NewsModel.class.php 第 33 行.
SQL: SELECT * FROM `cms_news` WHERE `status` = 1 ORDER BY listorder desc,news_id desc LIMIT 0,10   [ RunTime:0.0005s ]
NOTIC: [8] Undefined index: title E:\Myphp\imoocnews\Application\Common\Model\PositionContentModel.class.php 第 37 行.
SQL: SELECT * FROM `cms_position_content` WHERE `status` <> -1 AND `position_id` = 5 ORDER BY listorder desc,id desc LIMIT 0,10   [ RunTime:0.0003s ]
SQL: SELECT * FROM `cms_news` WHERE `status` = 1 ORDER BY count desc,listorder desc,news_id desc LIMIT 10   [ RunTime:0.0004s ]
INFO: [ view_parse ] --START--
INFO: [ template_filter ] --START--
INFO: Run Behavior\ContentReplaceBehavior [ RunTime:0.000223s ]
INFO: [ template_filter ] --END-- [ RunTime:0.000522s ]
NOTIC: [2048] Declaration of Common\Model\MenuModel::find() should be compatible with that of Think\Model::find() E:\Myphp\imoocnews\Application\Common\Model\MenuModel.class.php 第 97 行.
SQL: SHOW COLUMNS FROM `cms_menu` [ RunTime:0.0018s ]
SQL: SELECT * FROM `cms_menu` WHERE `status` = 1 AND `type` = 0 ORDER BY listorder desc,menu_id desc  [ RunTime:0.0003s ]
NOTIC: [8] Undefined index: catId E:\Myphp\imoocnews\Application\Runtime\Cache\Home\2a94b8bda04ff446dcedd42276fc99ee.php 第 31 行.
NOTIC: [8] Undefined index: catId E:\Myphp\imoocnews\Application\Runtime\Cache\Home\2a94b8bda04ff446dcedd42276fc99ee.php 第 32 行.
NOTIC: [8] Undefined index: catId E:\Myphp\imoocnews\Application\Runtime\Cache\Home\2a94b8bda04ff446dcedd42276fc99ee.php 第 32 行.
NOTIC: [8] Undefined index: catId E:\Myphp\imoocnews\Application\Runtime\Cache\Home\2a94b8bda04ff446dcedd42276fc99ee.php 第 32 行.
INFO: Run Behavior\ParseTemplateBehavior [ RunTime:0.039716s ]
INFO: [ view_parse ] --END-- [ RunTime:0.039997s ]
INFO: [ view_filter ] --START--
INFO: Run Behavior\WriteHtmlCacheBehavior [ RunTime:0.000432s ]
INFO: [ view_filter ] --END-- [ RunTime:0.000736s ]
INFO: Run Behavior\CronRunBehavior [ RunTime:0.070271s ]
INFO: [ app_begin ] --END-- [ RunTime:0.071371s ]
NOTIC: [8] Undefined index: title E:\Myphp\imoocnews\Application\Common\Model\PositionContentModel.class.php 第 37 行.
SQL: SELECT * FROM `cms_position_content` WHERE `status` <> -1 AND `position_id` = 2 ORDER BY listorder desc,id desc LIMIT 0,20   [ RunTime:0.0004s ]
NOTIC: [8] Undefined index: title E:\Myphp\imoocnews\Application\Common\Model\PositionContentModel.class.php 第 37 行.
SQL: SELECT * FROM `cms_position_content` WHERE `status` <> -1 AND `position_id` = 3 ORDER BY listorder desc,id desc LIMIT 0,3   [ RunTime:0.0003s ]
NOTIC: [8] Undefined index: title E:\Myphp\imoocnews\Application\Common\Model\NewsModel.class.php 第 30 行.
NOTIC: [8] Undefined index: catid E:\Myphp\imoocnews\Application\Common\Model\NewsModel.class.php 第 33 行.
SQL: SELECT * FROM `cms_news` WHERE `status` = 1 ORDER BY listorder desc,news_id desc LIMIT 0,10   [ RunTime:0.0004s ]
NOTIC: [8] Undefined index: title E:\Myphp\imoocnews\Application\Common\Model\PositionContentModel.class.php 第 37 行.
SQL: SELECT * FROM `cms_position_content` WHERE `status` <> -1 AND `position_id` = 5 ORDER BY listorder desc,id desc LIMIT 0,10   [ RunTime:0.0003s ]
SQL: SELECT * FROM `cms_news` WHERE `status` = 1 ORDER BY count desc,listorder desc,news_id desc LIMIT 10   [ RunTime:0.0004s ]
INFO: [ view_parse ] --START--
INFO: [ template_filter ] --START--
INFO: Run Behavior\ContentReplaceBehavior [ RunTime:0.000223s ]
INFO: [ template_filter ] --END-- [ RunTime:-0.045433s ]
SQL: SELECT * FROM `cms_menu` WHERE `status` = 1 AND `type` = 0 ORDER BY listorder desc,menu_id desc  [ RunTime:0.0005s ]
NOTIC: [8] Undefined index: catId E:\Myphp\imoocnews\Application\Runtime\Cache\Home\2a94b8bda04ff446dcedd42276fc99ee.php 第 31 行.
NOTIC: [8] Undefined index: catId E:\Myphp\imoocnews\Application\Runtime\Cache\Home\2a94b8bda04ff446dcedd42276fc99ee.php 第 32 行.
NOTIC: [8] Undefined index: catId E:\Myphp\imoocnews\Application\Runtime\Cache\Home\2a94b8bda04ff446dcedd42276fc99ee.php 第 32 行.
NOTIC: [8] Undefined index: catId E:\Myphp\imoocnews\Application\Runtime\Cache\Home\2a94b8bda04ff446dcedd42276fc99ee.php 第 32 行.
INFO: Run Behavior\ParseTemplateBehavior [ RunTime:0.030246s ]
INFO: [ view_parse ] --END-- [ RunTime:-0.011649s ]
INFO: [ view_filter ] --START--
INFO: Run Behavior\WriteHtmlCacheBehavior [ RunTime:0.000073s ]
INFO: [ view_filter ] --END-- [ RunTime:-0.041474s ]
INFO: [ app_end ] --START--
INFO: Run Behavior\ShowPageTraceBehavior [ RunTime:0.000773s ]
INFO: [ app_end ] --END-- [ RunTime:0.001048s ]

[ 2017-02-14T09:33:19+08:00 ] 218.5.203.66 /imoocnews/home/index/getCount
INFO: [ app_init ] --START--
INFO: Run Behavior\BuildLiteBehavior [ RunTime:0.000056s ]
INFO: [ app_init ] --END-- [ RunTime:0.000685s ]
INFO: [ app_begin ] --START--
INFO: Run Behavior\ReadHtmlCacheBehavior [ RunTime:0.000607s ]
INFO: Run Behavior\CronRunBehavior [ RunTime:0.001005s ]
INFO: [ app_begin ] --END-- [ RunTime:0.002032s ]
NOTIC: [2048] Declaration of Common\Model\NewsModel::save() should be compatible with that of Think\Model::save() E:\Myphp\imoocnews\Application\Common\Model\NewsModel.class.php 第 10 行.
NOTIC: [2048] Declaration of Common\Model\NewsModel::find() should be compatible with that of Think\Model::find() E:\Myphp\imoocnews\Application\Common\Model\NewsModel.class.php 第 10 行.
SQL: SHOW COLUMNS FROM `cms_news` [ RunTime:0.0019s ]
SQL: SELECT * FROM `cms_news` WHERE `news_id` IN ('35','38','37','36','42','41','39','43','40')  [ RunTime:0.0004s ]

[ 2017-02-14T15:30:46+08:00 ] 101.226.51.227 /imoocnews/
ERR: Cron:cron Runat 2017-02-14 15:30:46 Use 0.071383 s

[ 2017-02-14T15:30:46+08:00 ] 101.226.51.227 /imoocnews/
INFO: [ app_init ] --START--
INFO: Run Behavior\BuildLiteBehavior [ RunTime:0.000056s ]
INFO: [ app_init ] --END-- [ RunTime:0.000670s ]
INFO: [ app_begin ] --START--
INFO: Run Behavior\ReadHtmlCacheBehavior [ RunTime:0.000679s ]
NOTIC: [2048] Declaration of Common\Model\BasicModel::save() should be compatible with that of Think\Model::save() E:\Myphp\imoocnews\Application\Common\Model\BasicModel.class.php 第 9 行.
NOTIC: [2048] Declaration of Common\Model\BasicModel::select() should be compatible with that of Think\Model::select() E:\Myphp\imoocnews\Application\Common\Model\BasicModel.class.php 第 9 行.
NOTIC: [2048] Declaration of Common\Model\PositionContentModel::find() should be compatible with that of Think\Model::find() E:\Myphp\imoocnews\Application\Common\Model\PositionContentModel.class.php 第 77 行.
SQL: SHOW COLUMNS FROM `cms_position_content` [ RunTime:0.0019s ]
NOTIC: [8] Undefined index: title E:\Myphp\imoocnews\Application\Common\Model\PositionContentModel.class.php 第 37 行.
SQL: SELECT * FROM `cms_position_content` WHERE `status` <> -1 AND `position_id` = 2 ORDER BY listorder desc,id desc LIMIT 0,20   [ RunTime:0.0004s ]
NOTIC: [8] Undefined index: title E:\Myphp\imoocnews\Application\Common\Model\PositionContentModel.class.php 第 37 行.
SQL: SELECT * FROM `cms_position_content` WHERE `status` <> -1 AND `position_id` = 3 ORDER BY listorder desc,id desc LIMIT 0,3   [ RunTime:0.0003s ]
NOTIC: [2048] Declaration of Common\Model\NewsModel::save() should be compatible with that of Think\Model::save() E:\Myphp\imoocnews\Application\Common\Model\NewsModel.class.php 第 119 行.
NOTIC: [2048] Declaration of Common\Model\NewsModel::find() should be compatible with that of Think\Model::find() E:\Myphp\imoocnews\Application\Common\Model\NewsModel.class.php 第 119 行.
SQL: SHOW COLUMNS FROM `cms_news` [ RunTime:0.0018s ]
NOTIC: [8] Undefined index: title E:\Myphp\imoocnews\Application\Common\Model\NewsModel.class.php 第 30 行.
NOTIC: [8] Undefined index: catid E:\Myphp\imoocnews\Application\Common\Model\NewsModel.class.php 第 33 行.
SQL: SELECT * FROM `cms_news` WHERE `status` = 1 ORDER BY listorder desc,news_id desc LIMIT 0,10   [ RunTime:0.0005s ]
NOTIC: [8] Undefined index: title E:\Myphp\imoocnews\Application\Common\Model\PositionContentModel.class.php 第 37 行.
SQL: SELECT * FROM `cms_position_content` WHERE `status` <> -1 AND `position_id` = 5 ORDER BY listorder desc,id desc LIMIT 0,10   [ RunTime:0.0003s ]
SQL: SELECT * FROM `cms_news` WHERE `status` = 1 ORDER BY count desc,listorder desc,news_id desc LIMIT 10   [ RunTime:0.0004s ]
INFO: [ view_parse ] --START--
INFO: [ template_filter ] --START--
INFO: Run Behavior\ContentReplaceBehavior [ RunTime:0.000191s ]
INFO: [ template_filter ] --END-- [ RunTime:0.000576s ]
NOTIC: [2048] Declaration of Common\Model\MenuModel::find() should be compatible with that of Think\Model::find() E:\Myphp\imoocnews\Application\Common\Model\MenuModel.class.php 第 97 行.
SQL: SHOW COLUMNS FROM `cms_menu` [ RunTime:0.0020s ]
SQL: SELECT * FROM `cms_menu` WHERE `status` = 1 AND `type` = 0 ORDER BY listorder desc,menu_id desc  [ RunTime:0.0004s ]
NOTIC: [8] Undefined index: catId E:\Myphp\imoocnews\Application\Runtime\Cache\Home\2a94b8bda04ff446dcedd42276fc99ee.php 第 31 行.
NOTIC: [8] Undefined index: catId E:\Myphp\imoocnews\Application\Runtime\Cache\Home\2a94b8bda04ff446dcedd42276fc99ee.php 第 32 行.
NOTIC: [8] Undefined index: catId E:\Myphp\imoocnews\Application\Runtime\Cache\Home\2a94b8bda04ff446dcedd42276fc99ee.php 第 32 行.
NOTIC: [8] Undefined index: catId E:\Myphp\imoocnews\Application\Runtime\Cache\Home\2a94b8bda04ff446dcedd42276fc99ee.php 第 32 行.
INFO: Run Behavior\ParseTemplateBehavior [ RunTime:0.041853s ]
INFO: [ view_parse ] --END-- [ RunTime:0.042150s ]
INFO: [ view_filter ] --START--
INFO: Run Behavior\WriteHtmlCacheBehavior [ RunTime:0.000478s ]
INFO: [ view_filter ] --END-- [ RunTime:0.000749s ]
INFO: Run Behavior\CronRunBehavior [ RunTime:0.073506s ]
INFO: [ app_begin ] --END-- [ RunTime:0.074667s ]
NOTIC: [8] Undefined index: title E:\Myphp\imoocnews\Application\Common\Model\PositionContentModel.class.php 第 37 行.
SQL: SELECT * FROM `cms_position_content` WHERE `status` <> -1 AND `position_id` = 2 ORDER BY listorder desc,id desc LIMIT 0,20   [ RunTime:0.0004s ]
NOTIC: [8] Undefined index: title E:\Myphp\imoocnews\Application\Common\Model\PositionContentModel.class.php 第 37 行.
SQL: SELECT * FROM `cms_position_content` WHERE `status` <> -1 AND `position_id` = 3 ORDER BY listorder desc,id desc LIMIT 0,3   [ RunTime:0.0003s ]
NOTIC: [8] Undefined index: title E:\Myphp\imoocnews\Application\Common\Model\NewsModel.class.php 第 30 行.
NOTIC: [8] Undefined index: catid E:\Myphp\imoocnews\Application\Common\Model\NewsModel.class.php 第 33 行.
SQL: SELECT * FROM `cms_news` WHERE `status` = 1 ORDER BY listorder desc,news_id desc LIMIT 0,10   [ RunTime:0.0005s ]
NOTIC: [8] Undefined index: title E:\Myphp\imoocnews\Application\Common\Model\PositionContentModel.class.php 第 37 行.
SQL: SELECT * FROM `cms_position_content` WHERE `status` <> -1 AND `position_id` = 5 ORDER BY listorder desc,id desc LIMIT 0,10   [ RunTime:0.0003s ]
SQL: SELECT * FROM `cms_news` WHERE `status` = 1 ORDER BY count desc,listorder desc,news_id desc LIMIT 10   [ RunTime:0.0004s ]
INFO: [ view_parse ] --START--
INFO: [ template_filter ] --START--
INFO: Run Behavior\ContentReplaceBehavior [ RunTime:0.000204s ]
INFO: [ template_filter ] --END-- [ RunTime:-0.048030s ]
SQL: SELECT * FROM `cms_menu` WHERE `status` = 1 AND `type` = 0 ORDER BY listorder desc,menu_id desc  [ RunTime:0.0005s ]
NOTIC: [8] Undefined index: catId E:\Myphp\imoocnews\Application\Runtime\Cache\Home\2a94b8bda04ff446dcedd42276fc99ee.php 第 31 行.
NOTIC: [8] Undefined index: catId E:\Myphp\imoocnews\Application\Runtime\Cache\Home\2a94b8bda04ff446dcedd42276fc99ee.php 第 32 行.
NOTIC: [8] Undefined index: catId E:\Myphp\imoocnews\Application\Runtime\Cache\Home\2a94b8bda04ff446dcedd42276fc99ee.php 第 32 行.
NOTIC: [8] Undefined index: catId E:\Myphp\imoocnews\Application\Runtime\Cache\Home\2a94b8bda04ff446dcedd42276fc99ee.php 第 32 行.
INFO: Run Behavior\ParseTemplateBehavior [ RunTime:0.031924s ]
INFO: [ view_parse ] --END-- [ RunTime:-0.012202s ]
INFO: [ view_filter ] --START--
INFO: Run Behavior\WriteHtmlCacheBehavior [ RunTime:0.000074s ]
INFO: [ view_filter ] --END-- [ RunTime:-0.043711s ]
INFO: [ app_end ] --START--
INFO: Run Behavior\ShowPageTraceBehavior [ RunTime:0.000811s ]
INFO: [ app_end ] --END-- [ RunTime:0.001089s ]

